#
# There is insufficient memory for the Java Runtime Environment to continue.
# Native memory allocation (malloc) failed to allocate 1272224 bytes for Chunk::new
# Possible reasons:
#   The system is out of physical RAM or swap space
#   In 32 bit mode, the process size limit was hit
# Possible solutions:
#   Reduce memory load on the system
#   Increase physical memory or swap space
#   Check if swap backing store is full
#   Use 64 bit Java on a 64 bit OS
#   Decrease Java heap size (-Xmx/-Xms)
#   Decrease number of Java threads
#   Decrease Java thread stack sizes (-Xss)
#   Set larger code cache with -XX:ReservedCodeCacheSize=
# This output file may be truncated or incomplete.
#
#  Out of Memory Error (allocation.cpp:390), pid=12972, tid=0x0000000000002ec4
#
# JRE version: OpenJDK Runtime Environment (8.0_152-b02) (build 1.8.0_152-release-1024-b02)
# Java VM: OpenJDK 64-Bit Server VM (25.152-b02 mixed mode windows-amd64 compressed oops)
# Failed to write core dump. Minidumps are not enabled by default on client versions of Windows
#

---------------  T H R E A D  ---------------

Current thread (0x00000000185ce000):  JavaThread "C2 CompilerThread1" daemon [_thread_in_native, id=11972, stack(0x0000000019e10000,0x0000000019f10000)]

Stack: [0x0000000019e10000,0x0000000019f10000]
[error occurred during error reporting (printing stack bounds), id 0xc0000005]

Native frames: (J=compiled Java code, j=interpreted, Vv=VM code, C=native code)


Current CompileTask:
C2:  35552 6036       4       org.gradle.model.internal.type.ModelType::wrap (219 bytes)


---------------  P R O C E S S  ---------------

Java Threads: ( => current thread )
  0x000000001e4a2000 JavaThread "Cache worker for file content cache (C:\Users\Michael\projects\Soft\EducationProject\.gradle\4.4\fileContent)" [_thread_blocked, id=7432, stack(0x0000000023ca0000,0x0000000023da0000)]
  0x000000001e49e800 JavaThread "Memory manager" [_thread_blocked, id=2964, stack(0x0000000022ca0000,0x0000000022da0000)]
  0x000000001f067000 JavaThread "build operations Thread 4" [_thread_blocked, id=3660, stack(0x00000000225a0000,0x00000000226a0000)]
  0x000000001f06c000 JavaThread "build operations Thread 3" [_thread_blocked, id=580, stack(0x00000000224a0000,0x00000000225a0000)]
  0x000000001f069000 JavaThread "build operations Thread 2" [_thread_blocked, id=2568, stack(0x00000000223a0000,0x00000000224a0000)]
  0x000000001f065800 JavaThread "build operations" [_thread_blocked, id=1500, stack(0x00000000222a0000,0x00000000223a0000)]
  0x000000001f066000 JavaThread "Cache worker for Artifact transforms cache (C:\Users\Michael\.gradle\caches\transforms-1)" [_thread_blocked, id=11028, stack(0x0000000020cd0000,0x0000000020dd0000)]
  0x000000001b7db800 JavaThread "Cache worker for file hash cache (C:\Users\Michael\projects\Soft\EducationProject\.gradle\4.4\fileHashes)" [_thread_blocked, id=11416, stack(0x000000001e230000,0x000000001e330000)]
  0x000000001b3a1800 JavaThread "File lock request listener" [_thread_in_native, id=6576, stack(0x000000001d160000,0x000000001d260000)]
  0x000000001b7c0800 JavaThread "Cache worker for file hash cache (C:\Users\Michael\.gradle\caches\4.4\fileHashes)" [_thread_blocked, id=6280, stack(0x000000001d060000,0x000000001d160000)]
  0x000000001b3a1000 JavaThread "Stdin handler" [_thread_blocked, id=6164, stack(0x000000001cd60000,0x000000001ce60000)]
  0x000000001b38b800 JavaThread "Asynchronous log dispatcher for DefaultDaemonConnection: socket connection from /127.0.0.1:59148 to /127.0.0.1:59149" [_thread_blocked, id=7148, stack(0x000000001cc60000,0x000000001cd60000)]
  0x000000001b382800 JavaThread "Daemon worker" [_thread_in_Java, id=6632, stack(0x000000001cb60000,0x000000001cc60000)]
  0x000000001b38a800 JavaThread "Cancel handler" [_thread_blocked, id=8560, stack(0x000000001ca60000,0x000000001cb60000)]
  0x000000001b6f2800 JavaThread "Handler for socket connection from /127.0.0.1:59148 to /127.0.0.1:59149" [_thread_in_native, id=12776, stack(0x000000001c760000,0x000000001c860000)]
  0x000000001b6f1800 JavaThread "Daemon" [_thread_blocked, id=7664, stack(0x000000001c660000,0x000000001c760000)]
  0x000000001b6cb800 JavaThread "Daemon periodic checks" [_thread_blocked, id=9956, stack(0x000000001c560000,0x000000001c660000)]
  0x000000001b759000 JavaThread "Incoming local TCP Connector on port 59148" [_thread_in_native, id=11732, stack(0x000000001c320000,0x000000001c420000)]
  0x000000001a038800 JavaThread "Service Thread" daemon [_thread_blocked, id=13152, stack(0x000000001a410000,0x000000001a510000)]
  0x00000000185d8000 JavaThread "C1 CompilerThread2" daemon [_thread_blocked, id=5056, stack(0x0000000019f10000,0x000000001a010000)]
=>0x00000000185ce000 JavaThread "C2 CompilerThread1" daemon [_thread_in_native, id=11972, stack(0x0000000019e10000,0x0000000019f10000)]
  0x00000000185c8800 JavaThread "C2 CompilerThread0" daemon [_thread_in_native, id=620, stack(0x0000000019d10000,0x0000000019e10000)]
  0x00000000185d7000 JavaThread "Attach Listener" daemon [_thread_blocked, id=7032, stack(0x0000000019c10000,0x0000000019d10000)]
  0x00000000185d6000 JavaThread "Signal Dispatcher" daemon [_thread_blocked, id=11728, stack(0x0000000019b10000,0x0000000019c10000)]
  0x0000000004c5c000 JavaThread "Finalizer" daemon [_thread_blocked, id=3384, stack(0x0000000019820000,0x0000000019920000)]
  0x0000000004c51800 JavaThread "Reference Handler" daemon [_thread_blocked, id=12872, stack(0x0000000019720000,0x0000000019820000)]
  0x00000000049ce800 JavaThread "main" [_thread_blocked, id=6008, stack(0x0000000004a60000,0x0000000004b60000)]

Other Threads:
  0x0000000018594800 VMThread [stack: 0x0000000019620000,0x0000000019720000] [id=6720]
  0x00000000185fb800 WatcherThread [stack: 0x000000001a510000,0x000000001a610000] [id=10500]

VM state:not at safepoint (normal execution)

VM Mutex/Monitor currently owned by a thread: None

Heap:
 PSYoungGen      total 163840K, used 64533K [0x00000000e0000000, 0x00000000eaf00000, 0x0000000100000000)
  eden space 152576K, 34% used [0x00000000e0000000,0x00000000e340afa0,0x00000000e9500000)
  from space 11264K, 99% used [0x00000000ea400000,0x00000000eaefa5a8,0x00000000eaf00000)
  to   space 13312K, 0% used [0x00000000e9500000,0x00000000e9500000,0x00000000ea200000)
 ParOldGen       total 59904K, used 26939K [0x00000000a0000000, 0x00000000a3a80000, 0x00000000e0000000)
  object space 59904K, 44% used [0x00000000a0000000,0x00000000a1a4ef80,0x00000000a3a80000)
 Metaspace       used 53701K, capacity 55364K, committed 55640K, reserved 1097728K
  class space    used 7330K, capacity 7749K, committed 7808K, reserved 1048576K

Card table byte_map: [0x0000000014020000,0x0000000014330000] byte_map_base: 0x0000000013b20000

Marking Bits: (ParMarkBitMap*) 0x00000000682e4970
 Begin Bits: [0x0000000014930000, 0x0000000016130000)
 End Bits:   [0x0000000016130000, 0x0000000017930000)

Polling page: 0x00000000031a0000

CodeCache: size=245760Kb used=20710Kb max_used=20710Kb free=225049Kb
 bounds [0x0000000004c60000, 0x00000000060b0000, 0x0000000013c60000]
 total_blobs=6517 nmethods=5759 adapters=672
 compilation: enabled

Compilation events (10 events):
Event: 35.519 Thread 0x00000000185d8000 nmethod 6356 0x00000000060a7c50 code [0x00000000060a7dc0, 0x00000000060a8088]
Event: 35.519 Thread 0x00000000185d8000 6361       3       org.gradle.model.internal.registry.RuleBindings::getRulesWithInput (9 bytes)
Event: 35.519 Thread 0x00000000185d8000 nmethod 6361 0x00000000060a81d0 code [0x00000000060a8360, 0x00000000060a8668]
Event: 35.520 Thread 0x00000000185d8000 6363       1       com.google.common.base.Predicates$ObjectPredicate$1::apply (2 bytes)
Event: 35.520 Thread 0x00000000185d8000 nmethod 6363 0x00000000060a8810 code [0x00000000060a8960, 0x00000000060a8a70]
Event: 35.523 Thread 0x00000000185d8000 6364       1       org.gradle.internal.component.local.model.DslOriginDependencyMetadataWrapper::getSource (5 bytes)
Event: 35.523 Thread 0x00000000185d8000 nmethod 6364 0x00000000060a8ad0 code [0x00000000060a8c20, 0x00000000060a8d30]
Event: 35.524 Thread 0x00000000185d8000 6365       3       java.util.ArrayList::<init> (67 bytes)
Event: 35.525 Thread 0x00000000185d8000 nmethod 6365 0x00000000060a8d90 code [0x00000000060a8f40, 0x00000000060a9478]
Event: 35.531 Thread 0x00000000185d8000 6366       3       java.util.TreeSet::iterator (15 bytes)

GC Heap History (10 events):
Event: 11.325 GC heap before
{Heap before GC invocations=10 (full 1):
 PSYoungGen      total 87040K, used 86634K [0x00000000e0000000, 0x00000000e6880000, 0x0000000100000000)
  eden space 80896K, 100% used [0x00000000e0000000,0x00000000e4f00000,0x00000000e4f00000)
  from space 6144K, 93% used [0x00000000e6280000,0x00000000e681a830,0x00000000e6880000)
  to   space 8704K, 0% used [0x00000000e5780000,0x00000000e5780000,0x00000000e6000000)
 ParOldGen       total 39424K, used 6957K [0x00000000a0000000, 0x00000000a2680000, 0x00000000e0000000)
  object space 39424K, 17% used [0x00000000a0000000,0x00000000a06cb5f0,0x00000000a2680000)
 Metaspace       used 30664K, capacity 31128K, committed 31360K, reserved 1077248K
  class space    used 4195K, capacity 4365K, committed 4480K, reserved 1048576K
Event: 11.348 GC heap after
Heap after GC invocations=10 (full 1):
 PSYoungGen      total 98304K, used 8679K [0x00000000e0000000, 0x00000000e8380000, 0x0000000100000000)
  eden space 89600K, 0% used [0x00000000e0000000,0x00000000e0000000,0x00000000e5780000)
  from space 8704K, 99% used [0x00000000e5780000,0x00000000e5ff9e20,0x00000000e6000000)
  to   space 9728K, 0% used [0x00000000e7a00000,0x00000000e7a00000,0x00000000e8380000)
 ParOldGen       total 39424K, used 7648K [0x00000000a0000000, 0x00000000a2680000, 0x00000000e0000000)
  object space 39424K, 19% used [0x00000000a0000000,0x00000000a07781c8,0x00000000a2680000)
 Metaspace       used 30664K, capacity 31128K, committed 31360K, reserved 1077248K
  class space    used 4195K, capacity 4365K, committed 4480K, reserved 1048576K
}
Event: 15.832 GC heap before
{Heap before GC invocations=11 (full 1):
 PSYoungGen      total 98304K, used 97372K [0x00000000e0000000, 0x00000000e8380000, 0x0000000100000000)
  eden space 89600K, 98% used [0x00000000e0000000,0x00000000e569d260,0x00000000e5780000)
  from space 8704K, 99% used [0x00000000e5780000,0x00000000e5ff9e20,0x00000000e6000000)
  to   space 9728K, 0% used [0x00000000e7a00000,0x00000000e7a00000,0x00000000e8380000)
 ParOldGen       total 39424K, used 7648K [0x00000000a0000000, 0x00000000a2680000, 0x00000000e0000000)
  object space 39424K, 19% used [0x00000000a0000000,0x00000000a07781c8,0x00000000a2680000)
 Metaspace       used 34794K, capacity 35246K, committed 35416K, reserved 1079296K
  class space    used 4728K, capacity 4935K, committed 4992K, reserved 1048576K
Event: 15.858 GC heap after
Heap after GC invocations=11 (full 1):
 PSYoungGen      total 124416K, used 7174K [0x00000000e0000000, 0x00000000e8e00000, 0x0000000100000000)
  eden space 114688K, 0% used [0x00000000e0000000,0x00000000e0000000,0x00000000e7000000)
  from space 9728K, 73% used [0x00000000e7a00000,0x00000000e8101b00,0x00000000e8380000)
  to   space 10240K, 0% used [0x00000000e7000000,0x00000000e7000000,0x00000000e7a00000)
 ParOldGen       total 39424K, used 10656K [0x00000000a0000000, 0x00000000a2680000, 0x00000000e0000000)
  object space 39424K, 27% used [0x00000000a0000000,0x00000000a0a68248,0x00000000a2680000)
 Metaspace       used 34794K, capacity 35246K, committed 35416K, reserved 1079296K
  class space    used 4728K, capacity 4935K, committed 4992K, reserved 1048576K
}
Event: 15.858 GC heap before
{Heap before GC invocations=12 (full 2):
 PSYoungGen      total 124416K, used 7174K [0x00000000e0000000, 0x00000000e8e00000, 0x0000000100000000)
  eden space 114688K, 0% used [0x00000000e0000000,0x00000000e0000000,0x00000000e7000000)
  from space 9728K, 73% used [0x00000000e7a00000,0x00000000e8101b00,0x00000000e8380000)
  to   space 10240K, 0% used [0x00000000e7000000,0x00000000e7000000,0x00000000e7a00000)
 ParOldGen       total 39424K, used 10656K [0x00000000a0000000, 0x00000000a2680000, 0x00000000e0000000)
  object space 39424K, 27% used [0x00000000a0000000,0x00000000a0a68248,0x00000000a2680000)
 Metaspace       used 34794K, capacity 35246K, committed 35416K, reserved 1079296K
  class space    used 4728K, capacity 4935K, committed 4992K, reserved 1048576K
Event: 15.996 GC heap after
Heap after GC invocations=12 (full 2):
 PSYoungGen      total 124416K, used 0K [0x00000000e0000000, 0x00000000e8e00000, 0x0000000100000000)
  eden space 114688K, 0% used [0x00000000e0000000,0x00000000e0000000,0x00000000e7000000)
  from space 9728K, 0% used [0x00000000e7a00000,0x00000000e7a00000,0x00000000e8380000)
  to   space 10240K, 0% used [0x00000000e7000000,0x00000000e7000000,0x00000000e7a00000)
 ParOldGen       total 59904K, used 16663K [0x00000000a0000000, 0x00000000a3a80000, 0x00000000e0000000)
  object space 59904K, 27% used [0x00000000a0000000,0x00000000a1045e60,0x00000000a3a80000)
 Metaspace       used 34794K, capacity 35246K, committed 35416K, reserved 1079296K
  class space    used 4728K, capacity 4935K, committed 4992K, reserved 1048576K
}
Event: 25.599 GC heap before
{Heap before GC invocations=13 (full 2):
 PSYoungGen      total 124416K, used 114688K [0x00000000e0000000, 0x00000000e8e00000, 0x0000000100000000)
  eden space 114688K, 100% used [0x00000000e0000000,0x00000000e7000000,0x00000000e7000000)
  from space 9728K, 0% used [0x00000000e7a00000,0x00000000e7a00000,0x00000000e8380000)
  to   space 10240K, 0% used [0x00000000e7000000,0x00000000e7000000,0x00000000e7a00000)
 ParOldGen       total 59904K, used 16663K [0x00000000a0000000, 0x00000000a3a80000, 0x00000000e0000000)
  object space 59904K, 27% used [0x00000000a0000000,0x00000000a1045e60,0x00000000a3a80000)
 Metaspace       used 42372K, capacity 43256K, committed 43608K, reserved 1087488K
  class space    used 5666K, capacity 5951K, committed 6016K, reserved 1048576K
Event: 25.635 GC heap after
Heap after GC invocations=13 (full 2):
 PSYoungGen      total 124928K, used 10224K [0x00000000e0000000, 0x00000000eb000000, 0x0000000100000000)
  eden space 114688K, 0% used [0x00000000e0000000,0x00000000e0000000,0x00000000e7000000)
  from space 10240K, 99% used [0x00000000e7000000,0x00000000e79fc150,0x00000000e7a00000)
  to   space 12288K, 0% used [0x00000000ea400000,0x00000000ea400000,0x00000000eb000000)
 ParOldGen       total 59904K, used 19240K [0x00000000a0000000, 0x00000000a3a80000, 0x00000000e0000000)
  object space 59904K, 32% used [0x00000000a0000000,0x00000000a12ca058,0x00000000a3a80000)
 Metaspace       used 42372K, capacity 43256K, committed 43608K, reserved 1087488K
  class space    used 5666K, capacity 5951K, committed 6016K, reserved 1048576K
}
Event: 33.010 GC heap before
{Heap before GC invocations=14 (full 2):
 PSYoungGen      total 124928K, used 124912K [0x00000000e0000000, 0x00000000eb000000, 0x0000000100000000)
  eden space 114688K, 100% used [0x00000000e0000000,0x00000000e7000000,0x00000000e7000000)
  from space 10240K, 99% used [0x00000000e7000000,0x00000000e79fc150,0x00000000e7a00000)
  to   space 12288K, 0% used [0x00000000ea400000,0x00000000ea400000,0x00000000eb000000)
 ParOldGen       total 59904K, used 19240K [0x00000000a0000000, 0x00000000a3a80000, 0x00000000e0000000)
  object space 59904K, 32% used [0x00000000a0000000,0x00000000a12ca058,0x00000000a3a80000)
 Metaspace       used 51119K, capacity 52476K, committed 52824K, reserved 1095680K
  class space    used 6896K, capacity 7250K, committed 7296K, reserved 1048576K
Event: 33.061 GC heap after
Heap after GC invocations=14 (full 2):
 PSYoungGen      total 163840K, used 11241K [0x00000000e0000000, 0x00000000eaf00000, 0x0000000100000000)
  eden space 152576K, 0% used [0x00000000e0000000,0x00000000e0000000,0x00000000e9500000)
  from space 11264K, 99% used [0x00000000ea400000,0x00000000eaefa5a8,0x00000000eaf00000)
  to   space 13312K, 0% used [0x00000000e9500000,0x00000000e9500000,0x00000000ea200000)
 ParOldGen       total 59904K, used 26939K [0x00000000a0000000, 0x00000000a3a80000, 0x00000000e0000000)
  object space 59904K, 44% used [0x00000000a0000000,0x00000000a1a4ef80,0x00000000a3a80000)
 Metaspace       used 51119K, capacity 52476K, committed 52824K, reserved 1095680K
  class space    used 6896K, capacity 7250K, committed 7296K, reserved 1048576K
}

Deoptimization events (10 events):
Event: 32.325 Thread 0x000000001b382800 Uncommon trap: reason=unstable_if action=reinterpret pc=0x00000000054cdfb4 method=org.objectweb.asm.ByteVector.putUTF8(Ljava/lang/String;)Lorg/objectweb/asm/ByteVector; @ 91
Event: 34.142 Thread 0x000000001b382800 Uncommon trap: reason=unstable_if action=reinterpret pc=0x0000000005f69948 method=org.objectweb.asm.Type.getType(Ljava/lang/Class;)Lorg/objectweb/asm/Type; @ 33
Event: 34.142 Thread 0x000000001b382800 Uncommon trap: reason=unstable_if action=reinterpret pc=0x0000000004ecd728 method=org.objectweb.asm.Type.getArgumentsAndReturnSizes(Ljava/lang/String;)I @ 47
Event: 34.142 Thread 0x000000001b382800 Uncommon trap: reason=unstable_if action=reinterpret pc=0x0000000004f524d8 method=org.objectweb.asm.Type.getArgumentsAndReturnSizes(Ljava/lang/String;)I @ 47
Event: 34.343 Thread 0x000000001b382800 Uncommon trap: reason=unstable_if action=reinterpret pc=0x0000000005e3c014 method=java.util.TreeMap.put(Ljava/lang/Object;Ljava/lang/Object;)Ljava/lang/Object; @ 163
Event: 34.914 Thread 0x000000001b382800 Uncommon trap: reason=unstable_if action=reinterpret pc=0x00000000051d61c0 method=java.lang.reflect.AccessibleObject.setAccessible0(Ljava/lang/reflect/AccessibleObject;Z)V @ 23
Event: 35.442 Thread 0x000000001b382800 Uncommon trap: reason=class_check action=maybe_recompile pc=0x000000000596d034 method=com.google.common.collect.AbstractMapBasedMultimap$WrappedCollection.refreshIfEmpty()V @ 59
Event: 35.442 Thread 0x000000001b382800 Uncommon trap: reason=class_check action=maybe_recompile pc=0x000000000596d034 method=com.google.common.collect.AbstractMapBasedMultimap$WrappedCollection.refreshIfEmpty()V @ 59
Event: 35.442 Thread 0x000000001b382800 Uncommon trap: reason=class_check action=maybe_recompile pc=0x000000000596d034 method=com.google.common.collect.AbstractMapBasedMultimap$WrappedCollection.refreshIfEmpty()V @ 59
Event: 35.442 Thread 0x000000001b382800 Uncommon trap: reason=class_check action=maybe_recompile pc=0x000000000596d034 method=com.google.common.collect.AbstractMapBasedMultimap$WrappedCollection.refreshIfEmpty()V @ 59

Classes redefined (0 events):
No events

Internal exceptions (10 events):
Event: 35.128 Thread 0x000000001b382800 Exception <a 'java/lang/ClassNotFoundException': com/google/gms/googleservices/GoogleServicesTask_DecoratedBeanInfo> (0x00000000e28dad10) thrown at [D:\src\AOSP-openjdk-cygwin\jdk8u\hotspot\src\share\vm\classfile\systemDictionary.cpp, line 210]
Event: 35.129 Thread 0x000000001b382800 Exception <a 'java/lang/ClassNotFoundException': com/google/gms/googleservices/GoogleServicesTaskBeanInfo> (0x00000000e28f1078) thrown at [D:\src\AOSP-openjdk-cygwin\jdk8u\hotspot\src\share\vm\classfile\systemDictionary.cpp, line 210]
Event: 35.130 Thread 0x000000001b382800 Exception <a 'java/lang/ClassNotFoundException': com/google/gms/googleservices/GoogleServicesTaskCustomizer> (0x00000000e2907420) thrown at [D:\src\AOSP-openjdk-cygwin\jdk8u\hotspot\src\share\vm\classfile\systemDictionary.cpp, line 210]
Event: 35.132 Thread 0x000000001b382800 Exception <a 'java/lang/ClassNotFoundException': com/google/gms/googleservices/GoogleServicesTask_DecoratedCustomizer> (0x00000000e292ec80) thrown at [D:\src\AOSP-openjdk-cygwin\jdk8u\hotspot\src\share\vm\classfile\systemDictionary.cpp, line 210]
Event: 35.327 Thread 0x000000001b382800 Exception <a 'java/lang/ClassNotFoundException': org/gradle/platform/base/BinaryContainer_ImplBeanInfo> (0x00000000e2d79558) thrown at [D:\src\AOSP-openjdk-cygwin\jdk8u\hotspot\src\share\vm\classfile\systemDictionary.cpp, line 210]
Event: 35.328 Thread 0x000000001b382800 Exception <a 'java/lang/ClassNotFoundException': org/gradle/model/internal/core/NodeBackedModelMapBeanInfo> (0x00000000e2d8d6a8) thrown at [D:\src\AOSP-openjdk-cygwin\jdk8u\hotspot\src\share\vm\classfile\systemDictionary.cpp, line 210]
Event: 35.329 Thread 0x000000001b382800 Exception <a 'java/lang/ClassNotFoundException': org/gradle/model/internal/core/ModelMapGroovyViewBeanInfo> (0x00000000e2da17f8) thrown at [D:\src\AOSP-openjdk-cygwin\jdk8u\hotspot\src\share\vm\classfile\systemDictionary.cpp, line 210]
Event: 35.332 Thread 0x000000001b382800 Exception <a 'java/lang/ClassNotFoundException': org/gradle/model/internal/core/ModelMapGroovyViewCustomizer> (0x00000000e2dce520) thrown at [D:\src\AOSP-openjdk-cygwin\jdk8u\hotspot\src\share\vm\classfile\systemDictionary.cpp, line 210]
Event: 35.334 Thread 0x000000001b382800 Exception <a 'java/lang/ClassNotFoundException': org/gradle/model/internal/core/NodeBackedModelMapCustomizer> (0x00000000e2df6678) thrown at [D:\src\AOSP-openjdk-cygwin\jdk8u\hotspot\src\share\vm\classfile\systemDictionary.cpp, line 210]
Event: 35.338 Thread 0x000000001b382800 Exception <a 'java/lang/ClassNotFoundException': org/gradle/platform/base/BinaryContainer_ImplCustomizer> (0x00000000e2e58ef0) thrown at [D:\src\AOSP-openjdk-cygwin\jdk8u\hotspot\src\share\vm\classfile\systemDictionary.cpp, line 210]

Events (10 events):
Event: 35.526 loading class org/gradle/execution/taskgraph/DefaultTaskExecutionPlan$TaskInfoInVisitingSegment
Event: 35.526 loading class org/gradle/execution/taskgraph/DefaultTaskExecutionPlan$TaskInfoInVisitingSegment done
Event: 35.527 loading class org/gradle/execution/taskgraph/DefaultTaskExecutionPlan$2
Event: 35.527 loading class org/gradle/execution/taskgraph/DefaultTaskExecutionPlan$2 done
Event: 35.528 loading class org/gradle/internal/work/DefaultWorkerLeaseService$ProjectLockRegistry$1
Event: 35.528 loading class org/gradle/internal/work/DefaultWorkerLeaseService$ProjectLockRegistry$1 done
Event: 35.529 loading class org/gradle/internal/resources/ExclusiveAccessResourceLock
Event: 35.529 loading class org/gradle/internal/resources/ExclusiveAccessResourceLock done
Event: 35.530 loading class org/gradle/execution/taskgraph/DefaultTaskExecutionPlan$TaskMutationInfo
Event: 35.530 loading class org/gradle/execution/taskgraph/DefaultTaskExecutionPlan$TaskMutationInfo done


Dynamic libraries:
0x00007ff7915e0000 - 0x00007ff791611000 	C:\Program Files\Android\Android Studio\jre\bin\java.exe
0x00007ffaf5880000 - 0x00007ffaf5a60000 	C:\WINDOWS\SYSTEM32\ntdll.dll
0x00007ffaf3a90000 - 0x00007ffaf3b3e000 	C:\WINDOWS\System32\KERNEL32.DLL
0x00007ffaf1e00000 - 0x00007ffaf2066000 	C:\WINDOWS\System32\KERNELBASE.dll
0x00007ffaf3080000 - 0x00007ffaf3121000 	C:\WINDOWS\System32\ADVAPI32.dll
0x00007ffaf4370000 - 0x00007ffaf440d000 	C:\WINDOWS\System32\msvcrt.dll
0x00007ffaf4070000 - 0x00007ffaf40cb000 	C:\WINDOWS\System32\sechost.dll
0x00007ffaf3bb0000 - 0x00007ffaf3ccf000 	C:\WINDOWS\System32\RPCRT4.dll
0x00007ffaf2e20000 - 0x00007ffaf2faf000 	C:\WINDOWS\System32\USER32.dll
0x00007ffaf2a40000 - 0x00007ffaf2a60000 	C:\WINDOWS\System32\win32u.dll
0x00007ffaf3130000 - 0x00007ffaf3158000 	C:\WINDOWS\System32\GDI32.dll
0x00007ffaf2a60000 - 0x00007ffaf2bf3000 	C:\WINDOWS\System32\gdi32full.dll
0x00007ffaf2cb0000 - 0x00007ffaf2d4b000 	C:\WINDOWS\System32\msvcp_win.dll
0x00007ffaf1d00000 - 0x00007ffaf1df6000 	C:\WINDOWS\System32\ucrtbase.dll
0x00007ffae9270000 - 0x00007ffae94d9000 	C:\WINDOWS\WinSxS\amd64_microsoft.windows.common-controls_6595b64144ccf1df_6.0.16299.309_none_15cfd4c4935e6b11\COMCTL32.dll
0x00007ffaf3170000 - 0x00007ffaf3478000 	C:\WINDOWS\System32\combase.dll
0x00007ffaf1c80000 - 0x00007ffaf1cf2000 	C:\WINDOWS\System32\bcryptPrimitives.dll
0x00007ffaf4340000 - 0x00007ffaf436d000 	C:\WINDOWS\System32\IMM32.DLL
0x0000000068400000 - 0x00000000684d2000 	C:\Program Files\Android\Android Studio\jre\jre\bin\msvcr100.dll
0x0000000067b20000 - 0x000000006835f000 	C:\Program Files\Android\Android Studio\jre\jre\bin\server\jvm.dll
0x00007ffaf3160000 - 0x00007ffaf3168000 	C:\WINDOWS\System32\PSAPI.DLL
0x00007ffaee510000 - 0x00007ffaee533000 	C:\WINDOWS\SYSTEM32\WINMM.dll
0x00007ffadeb70000 - 0x00007ffadeb79000 	C:\WINDOWS\SYSTEM32\WSOCK32.dll
0x00007ffaed8e0000 - 0x00007ffaed8ea000 	C:\WINDOWS\SYSTEM32\VERSION.dll
0x00007ffaf2fb0000 - 0x00007ffaf301c000 	C:\WINDOWS\System32\WS2_32.dll
0x00007ffaee4e0000 - 0x00007ffaee50a000 	C:\WINDOWS\SYSTEM32\winmmbase.dll
0x00007ffaf2990000 - 0x00007ffaf29da000 	C:\WINDOWS\System32\cfgmgr32.dll
0x00007ffaec9e0000 - 0x00007ffaec9ef000 	C:\Program Files\Android\Android Studio\jre\jre\bin\verify.dll
0x00007ffadc4b0000 - 0x00007ffadc4d9000 	C:\Program Files\Android\Android Studio\jre\jre\bin\java.dll
0x00007ffaec9c0000 - 0x00007ffaec9d6000 	C:\Program Files\Android\Android Studio\jre\jre\bin\zip.dll
0x00007ffaf4410000 - 0x00007ffaf5846000 	C:\WINDOWS\System32\SHELL32.dll
0x00007ffaf3fc0000 - 0x00007ffaf4066000 	C:\WINDOWS\System32\shcore.dll
0x00007ffaf2240000 - 0x00007ffaf2987000 	C:\WINDOWS\System32\windows.storage.dll
0x00007ffaf3e40000 - 0x00007ffaf3e91000 	C:\WINDOWS\System32\shlwapi.dll
0x00007ffaf1c40000 - 0x00007ffaf1c51000 	C:\WINDOWS\System32\kernel.appcore.dll
0x00007ffaf1bf0000 - 0x00007ffaf1c3c000 	C:\WINDOWS\System32\powrprof.dll
0x00007ffaf1bd0000 - 0x00007ffaf1beb000 	C:\WINDOWS\System32\profapi.dll
0x00007ffae7060000 - 0x00007ffae707a000 	C:\Program Files\Android\Android Studio\jre\jre\bin\net.dll
0x00007ffaf1400000 - 0x00007ffaf1466000 	C:\WINDOWS\system32\mswsock.dll
0x00007ffae6af0000 - 0x00007ffae6b01000 	C:\Program Files\Android\Android Studio\jre\jre\bin\nio.dll
0x00007ffaee6a0000 - 0x00007ffaee6be000 	C:\Users\Michael\.gradle\native\25\windows-amd64\native-platform.dll
0x00007ffaebb40000 - 0x00007ffaebb4d000 	C:\Program Files\Android\Android Studio\jre\jre\bin\management.dll
0x00007ffaf15d0000 - 0x00007ffaf15e7000 	C:\WINDOWS\SYSTEM32\CRYPTSP.dll
0x00007ffaf1000000 - 0x00007ffaf1033000 	C:\WINDOWS\system32\rsaenh.dll
0x00007ffaf16d0000 - 0x00007ffaf16f5000 	C:\WINDOWS\SYSTEM32\bcrypt.dll
0x00007ffaf1b00000 - 0x00007ffaf1b29000 	C:\WINDOWS\SYSTEM32\USERENV.dll
0x00007ffaf15c0000 - 0x00007ffaf15cb000 	C:\WINDOWS\SYSTEM32\CRYPTBASE.dll
0x00007ffaf1190000 - 0x00007ffaf11c9000 	C:\WINDOWS\SYSTEM32\IPHLPAPI.DLL
0x00007ffaf3b40000 - 0x00007ffaf3b48000 	C:\WINDOWS\System32\NSI.dll
0x00007ffaeadb0000 - 0x00007ffaeadc6000 	C:\WINDOWS\SYSTEM32\dhcpcsvc6.DLL
0x00007ffaeaed0000 - 0x00007ffaeaeea000 	C:\WINDOWS\SYSTEM32\dhcpcsvc.DLL

VM Arguments:
jvm_args: -Xmx1536m -Dfile.encoding=windows-1252 -Duser.country=US -Duser.language=en -Duser.variant 
java_command: org.gradle.launcher.daemon.bootstrap.GradleDaemon 4.4
java_class_path (initial): C:\Users\Michael\.gradle\wrapper\dists\gradle-4.4-all\9br9xq1tocpiv8o6njlyu5op1\gradle-4.4\lib\gradle-launcher-4.4.jar
Launcher Type: SUN_STANDARD

Environment Variables:
JAVA_HOME=C:\Program Files\Java\jdk-9.0.4
PATH=C:\Program Files (x86)\NVIDIA Corporation\PhysX\Common;C:\ProgramData\Oracle\Java\javapath;C:\Program Files\Broadcom\Broadcom 802.11 Network Adapter;C:\WINDOWS\system32;C:\WINDOWS;C:\WINDOWS\System32\Wbem;C:\WINDOWS\System32\WindowsPowerShell\v1.0\;c:\Program Files (x86)\ATI Technologies\ATI.ACE\Core-Static;C:\Program Files (x86)\Skype\Phone\;C:\Program Files (x86)\Windows Live\Shared;C:\Program Files\Microsoft SQL Server\130\Tools\Binn\;C:\Program Files\TortoiseGit\bin;C:\Program Files\Java\jdk-9.0.4\bin;C:\Program Files\JetBrains\IntelliJ IDEA 2017.3.4\plugins\maven\lib\maven3\bin;C:\Program Files\MySQL\MySQL Server 5.7\\bin;C:\Program Files (x86)\MySQL\MySQL Utilities 1.6\;C:\Users\Michael\AppData\Local\Programs\Python\Python36-32\Scripts\;C:\Users\Michael\AppData\Local\Programs\Python\Python36-32\;C:\Users\Michael\AppData\Local\Microsoft\WindowsApps;C:\Program Files\Java\jdk-9.0.4\bin;C:\Users\Michael\AppData\Local\atom\bin
USERNAME=Michael
OS=Windows_NT
PROCESSOR_IDENTIFIER=AMD64 Family 21 Model 96 Stepping 1, AuthenticAMD



---------------  S Y S T E M  ---------------

OS: Windows 10.0 , 64 bit Build 16299 (10.0.16299.15)

CPU:total 4 (initial active 4) (4 cores per cpu, 1 threads per core) family 21 model 96 stepping 1, cmov, cx8, fxsr, mmx, sse, sse2, sse3, ssse3, sse4.1, sse4.2, popcnt, avx, avx2, aes, clmul, mmxext, 3dnowpref, lzcnt, sse4a, tsc, tscinvbit, tscinv, bmi1

Memory: 4k page, physical 5864568k(414764k free), swap 7707768k(5036k free)

vm_info: OpenJDK 64-Bit Server VM (25.152-b02) for windows-amd64 JRE (1.8.0_152-release-1024-b02), built by "builder" with MS VC++ 10.0 (VS2010)

time: Thu Apr 05 18:22:00 2018
elapsed time: 35 seconds (0d 0h 0m 35s)

