#
# There is insufficient memory for the Java Runtime Environment to continue.
# Native memory allocation (malloc) failed to allocate 32744 bytes for ChunkPool::allocate
# Possible reasons:
#   The system is out of physical RAM or swap space
#   In 32 bit mode, the process size limit was hit
# Possible solutions:
#   Reduce memory load on the system
#   Increase physical memory or swap space
#   Check if swap backing store is full
#   Use 64 bit Java on a 64 bit OS
#   Decrease Java heap size (-Xmx/-Xms)
#   Decrease number of Java threads
#   Decrease Java thread stack sizes (-Xss)
#   Set larger code cache with -XX:ReservedCodeCacheSize=
# This output file may be truncated or incomplete.
#
#  Out of Memory Error (allocation.cpp:273), pid=9164, tid=0x0000000000001878
#
# JRE version: OpenJDK Runtime Environment (8.0_152-b02) (build 1.8.0_152-release-1024-b02)
# Java VM: OpenJDK 64-Bit Server VM (25.152-b02 mixed mode windows-amd64 compressed oops)
# Failed to write core dump. Minidumps are not enabled by default on client versions of Windows
#

---------------  T H R E A D  ---------------

Current thread (0x00000000189de000):  JavaThread "C2 CompilerThread1" daemon [_thread_in_native, id=6264, stack(0x000000001a220000,0x000000001a320000)]

Stack: [0x000000001a220000,0x000000001a320000]
[error occurred during error reporting (printing stack bounds), id 0xc0000005]

Native frames: (J=compiled Java code, j=interpreted, Vv=VM code, C=native code)


Current CompileTask:
C2:  45590 4087   !   4       java.net.URLClassLoader$1::run (63 bytes)


---------------  P R O C E S S  ---------------

Java Threads: ( => current thread )
  0x000000001e392800 JavaThread "build operations Thread 4" [_thread_blocked, id=12264, stack(0x00000000219e0000,0x0000000021ae0000)]
  0x000000001e390800 JavaThread "build operations Thread 3" [_thread_blocked, id=8444, stack(0x00000000218e0000,0x00000000219e0000)]
  0x000000001e38c800 JavaThread "build operations Thread 2" [_thread_blocked, id=4572, stack(0x00000000217e0000,0x00000000218e0000)]
  0x000000001e392000 JavaThread "build operations" [_thread_blocked, id=12952, stack(0x00000000216e0000,0x00000000217e0000)]
  0x000000001e391000 JavaThread "Cache worker for Artifact transforms cache (C:\Users\Michael\.gradle\caches\transforms-1)" [_thread_blocked, id=9436, stack(0x00000000210e0000,0x00000000211e0000)]
  0x000000001bb55000 JavaThread "Cache worker for file hash cache (C:\Users\Michael\projects\Soft\EducationProject\.gradle\4.4\fileHashes)" [_thread_blocked, id=12960, stack(0x000000001e640000,0x000000001e740000)]
  0x000000001a4be000 JavaThread "File lock request listener" [_thread_in_native, id=13068, stack(0x000000001e540000,0x000000001e640000)]
  0x000000001b86e800 JavaThread "Cache worker for file hash cache (C:\Users\Michael\.gradle\caches\4.4\fileHashes)" [_thread_blocked, id=7708, stack(0x000000001d470000,0x000000001d570000)]
  0x000000001b86c000 JavaThread "Stdin handler" [_thread_blocked, id=12412, stack(0x000000001d170000,0x000000001d270000)]
  0x000000001b86a800 JavaThread "Asynchronous log dispatcher for DefaultDaemonConnection: socket connection from /127.0.0.1:59142 to /127.0.0.1:59143" [_thread_blocked, id=4480, stack(0x000000001d070000,0x000000001d170000)]
  0x000000001ad08800 JavaThread "Daemon worker" [_thread_in_native, id=4156, stack(0x000000001cf70000,0x000000001d070000)]
  0x000000001ad08000 JavaThread "Cancel handler" [_thread_blocked, id=12148, stack(0x000000001ce70000,0x000000001cf70000)]
  0x000000001a5a9800 JavaThread "Handler for socket connection from /127.0.0.1:59142 to /127.0.0.1:59143" [_thread_in_native, id=7360, stack(0x000000001cb70000,0x000000001cc70000)]
  0x000000001ad7b000 JavaThread "Daemon" [_thread_blocked, id=12912, stack(0x000000001ca70000,0x000000001cb70000)]
  0x000000001b940000 JavaThread "Daemon periodic checks" [_thread_blocked, id=6168, stack(0x000000001c970000,0x000000001ca70000)]
  0x000000001b09a000 JavaThread "Incoming local TCP Connector on port 59142" [_thread_in_native, id=10820, stack(0x000000001c730000,0x000000001c830000)]
  0x0000000018a3d800 JavaThread "Service Thread" daemon [_thread_blocked, id=7464, stack(0x000000001a820000,0x000000001a920000)]
  0x0000000018a38000 JavaThread "C1 CompilerThread2" daemon [_thread_blocked, id=12552, stack(0x000000001a720000,0x000000001a820000)]
=>0x00000000189de000 JavaThread "C2 CompilerThread1" daemon [_thread_in_native, id=6264, stack(0x000000001a220000,0x000000001a320000)]
  0x00000000189e9000 JavaThread "C2 CompilerThread0" daemon [_thread_in_native, id=13292, stack(0x000000001a120000,0x000000001a220000)]
  0x00000000189e8000 JavaThread "Attach Listener" daemon [_thread_blocked, id=1560, stack(0x000000001a020000,0x000000001a120000)]
  0x00000000189e6800 JavaThread "Signal Dispatcher" daemon [_thread_blocked, id=8960, stack(0x0000000019f20000,0x000000001a020000)]
  0x000000000506c000 JavaThread "Finalizer" daemon [_thread_blocked, id=7208, stack(0x0000000019c30000,0x0000000019d30000)]
  0x0000000005061000 JavaThread "Reference Handler" daemon [_thread_blocked, id=9396, stack(0x0000000019b30000,0x0000000019c30000)]
  0x0000000004f6e800 JavaThread "main" [_thread_blocked, id=12116, stack(0x0000000004e60000,0x0000000004f60000)]

Other Threads:
  0x00000000189a4800 VMThread [stack: 0x0000000019a30000,0x0000000019b30000] [id=7972]
  0x0000000018a3e800 WatcherThread [stack: 0x000000001a920000,0x000000001aa20000] [id=7576]

VM state:not at safepoint (normal execution)

VM Mutex/Monitor currently owned by a thread: None

Heap:
 PSYoungGen      total 111616K, used 1966K [0x00000000e0000000, 0x00000000e7900000, 0x0000000100000000)
  eden space 105472K, 1% used [0x00000000e0000000,0x00000000e01ebbc8,0x00000000e6700000)
  from space 6144K, 0% used [0x00000000e7300000,0x00000000e7300000,0x00000000e7900000)
  to   space 9216K, 0% used [0x00000000e6700000,0x00000000e6700000,0x00000000e7000000)
 ParOldGen       total 60416K, used 14823K [0x00000000a0000000, 0x00000000a3b00000, 0x00000000e0000000)
  object space 60416K, 24% used [0x00000000a0000000,0x00000000a0e79d48,0x00000000a3b00000)
 Metaspace       used 35489K, capacity 36180K, committed 36568K, reserved 1083392K
  class space    used 4827K, capacity 5062K, committed 5120K, reserved 1048576K

Card table byte_map: [0x0000000014430000,0x0000000014740000] byte_map_base: 0x0000000013f30000

Marking Bits: (ParMarkBitMap*) 0x00000000682e4970
 Begin Bits: [0x0000000014d40000, 0x0000000016540000)
 End Bits:   [0x0000000016540000, 0x0000000017d40000)

Polling page: 0x0000000003140000

CodeCache: size=245760Kb used=14332Kb max_used=14343Kb free=231427Kb
 bounds [0x0000000005070000, 0x0000000005e80000, 0x0000000014070000]
 total_blobs=4504 nmethods=3805 adapters=613
 compilation: enabled

Compilation events (10 events):
Event: 45.133 Thread 0x0000000018a38000 4082       3       java.util.LinkedHashMap::entrySet (27 bytes)
Event: 45.133 Thread 0x0000000018a38000 nmethod 4082 0x0000000005e7d210 code [0x0000000005e7d3a0, 0x0000000005e7d750]
Event: 45.133 Thread 0x0000000018a38000 4083       3       java.util.LinkedHashMap$LinkedEntrySet::iterator (12 bytes)
Event: 45.134 Thread 0x0000000018a38000 nmethod 4083 0x0000000005e7cc10 code [0x0000000005e7cd80, 0x0000000005e7d090]
Event: 45.172 Thread 0x0000000018a38000 4084       3       sun.misc.URLClassPath::getResource (83 bytes)
Event: 45.173 Thread 0x0000000018a38000 nmethod 4084 0x0000000005e7c510 code [0x0000000005e7c6a0, 0x0000000005e7ca68]
Event: 45.182 Thread 0x00000000189de000 4085       4       com.google.common.collect.MapMakerInternalMap::rehash (49 bytes)
Event: 45.182 Thread 0x00000000189de000 nmethod 4085 0x0000000005e7add0 code [0x0000000005e7af00, 0x0000000005e7af98]
Event: 45.183 Thread 0x00000000189e9000 4086       4       java.net.URLClassLoader$1::run (5 bytes)
Event: 45.187 Thread 0x00000000189de000 4087   !   4       java.net.URLClassLoader$1::run (63 bytes)

GC Heap History (10 events):
Event: 44.261 GC heap before
{Heap before GC invocations=13 (full 1):
 PSYoungGen      total 64000K, used 57666K [0x00000000e0000000, 0x00000000e5d80000, 0x0000000100000000)
  eden space 55296K, 100% used [0x00000000e0000000,0x00000000e3600000,0x00000000e3600000)
  from space 8704K, 27% used [0x00000000e3600000,0x00000000e3850a00,0x00000000e3e80000)
  to   space 8704K, 0% used [0x00000000e5500000,0x00000000e5500000,0x00000000e5d80000)
 ParOldGen       total 41984K, used 12308K [0x00000000a0000000, 0x00000000a2900000, 0x00000000e0000000)
  object space 41984K, 29% used [0x00000000a0000000,0x00000000a0c052a0,0x00000000a2900000)
 Metaspace       used 33835K, capacity 34436K, committed 34560K, reserved 1079296K
  class space    used 4606K, capacity 4843K, committed 4864K, reserved 1048576K
Event: 44.276 GC heap after
Heap after GC invocations=13 (full 1):
 PSYoungGen      total 82944K, used 3908K [0x00000000e0000000, 0x00000000e5b80000, 0x0000000100000000)
  eden space 76288K, 0% used [0x00000000e0000000,0x00000000e0000000,0x00000000e4a80000)
  from space 6656K, 58% used [0x00000000e5500000,0x00000000e58d11f8,0x00000000e5b80000)
  to   space 8704K, 0% used [0x00000000e4a80000,0x00000000e4a80000,0x00000000e5300000)
 ParOldGen       total 41984K, used 13336K [0x00000000a0000000, 0x00000000a2900000, 0x00000000e0000000)
  object space 41984K, 31% used [0x00000000a0000000,0x00000000a0d06300,0x00000000a2900000)
 Metaspace       used 33835K, capacity 34436K, committed 34560K, reserved 1079296K
  class space    used 4606K, capacity 4843K, committed 4864K, reserved 1048576K
}
Event: 44.620 GC heap before
{Heap before GC invocations=14 (full 1):
 PSYoungGen      total 82944K, used 5341K [0x00000000e0000000, 0x00000000e5b80000, 0x0000000100000000)
  eden space 76288K, 1% used [0x00000000e0000000,0x00000000e01664f0,0x00000000e4a80000)
  from space 6656K, 58% used [0x00000000e5500000,0x00000000e58d11f8,0x00000000e5b80000)
  to   space 8704K, 0% used [0x00000000e4a80000,0x00000000e4a80000,0x00000000e5300000)
 ParOldGen       total 41984K, used 13336K [0x00000000a0000000, 0x00000000a2900000, 0x00000000e0000000)
  object space 41984K, 31% used [0x00000000a0000000,0x00000000a0d06300,0x00000000a2900000)
 Metaspace       used 34750K, capacity 35346K, committed 35416K, reserved 1079296K
  class space    used 4734K, capacity 4976K, committed 4992K, reserved 1048576K
Event: 44.628 GC heap after
Heap after GC invocations=14 (full 1):
 PSYoungGen      total 84992K, used 384K [0x00000000e0000000, 0x00000000e7c00000, 0x0000000100000000)
  eden space 76288K, 0% used [0x00000000e0000000,0x00000000e0000000,0x00000000e4a80000)
  from space 8704K, 4% used [0x00000000e4a80000,0x00000000e4ae0000,0x00000000e5300000)
  to   space 9216K, 0% used [0x00000000e7300000,0x00000000e7300000,0x00000000e7c00000)
 ParOldGen       total 41984K, used 15140K [0x00000000a0000000, 0x00000000a2900000, 0x00000000e0000000)
  object space 41984K, 36% used [0x00000000a0000000,0x00000000a0ec9380,0x00000000a2900000)
 Metaspace       used 34750K, capacity 35346K, committed 35416K, reserved 1079296K
  class space    used 4734K, capacity 4976K, committed 4992K, reserved 1048576K
}
Event: 44.628 GC heap before
{Heap before GC invocations=15 (full 2):
 PSYoungGen      total 84992K, used 384K [0x00000000e0000000, 0x00000000e7c00000, 0x0000000100000000)
  eden space 76288K, 0% used [0x00000000e0000000,0x00000000e0000000,0x00000000e4a80000)
  from space 8704K, 4% used [0x00000000e4a80000,0x00000000e4ae0000,0x00000000e5300000)
  to   space 9216K, 0% used [0x00000000e7300000,0x00000000e7300000,0x00000000e7c00000)
 ParOldGen       total 41984K, used 15140K [0x00000000a0000000, 0x00000000a2900000, 0x00000000e0000000)
  object space 41984K, 36% used [0x00000000a0000000,0x00000000a0ec9380,0x00000000a2900000)
 Metaspace       used 34750K, capacity 35346K, committed 35416K, reserved 1079296K
  class space    used 4734K, capacity 4976K, committed 4992K, reserved 1048576K
Event: 44.821 GC heap after
Heap after GC invocations=15 (full 2):
 PSYoungGen      total 84992K, used 0K [0x00000000e0000000, 0x00000000e7c00000, 0x0000000100000000)
  eden space 76288K, 0% used [0x00000000e0000000,0x00000000e0000000,0x00000000e4a80000)
  from space 8704K, 0% used [0x00000000e4a80000,0x00000000e4a80000,0x00000000e5300000)
  to   space 9216K, 0% used [0x00000000e7300000,0x00000000e7300000,0x00000000e7c00000)
 ParOldGen       total 60416K, used 14523K [0x00000000a0000000, 0x00000000a3b00000, 0x00000000e0000000)
  object space 60416K, 24% used [0x00000000a0000000,0x00000000a0e2ee50,0x00000000a3b00000)
 Metaspace       used 34750K, capacity 35346K, committed 35416K, reserved 1079296K
  class space    used 4734K, capacity 4976K, committed 4992K, reserved 1048576K
}
Event: 45.224 GC heap before
{Heap before GC invocations=16 (full 2):
 PSYoungGen      total 84992K, used 2855K [0x00000000e0000000, 0x00000000e7c00000, 0x0000000100000000)
  eden space 76288K, 3% used [0x00000000e0000000,0x00000000e02c9f80,0x00000000e4a80000)
  from space 8704K, 0% used [0x00000000e4a80000,0x00000000e4a80000,0x00000000e5300000)
  to   space 9216K, 0% used [0x00000000e7300000,0x00000000e7300000,0x00000000e7c00000)
 ParOldGen       total 60416K, used 14523K [0x00000000a0000000, 0x00000000a3b00000, 0x00000000e0000000)
  object space 60416K, 24% used [0x00000000a0000000,0x00000000a0e2ee50,0x00000000a3b00000)
 Metaspace       used 35472K, capacity 36116K, committed 36312K, reserved 1085440K
  class space    used 4823K, capacity 5062K, committed 5120K, reserved 1048576K
Event: 45.228 GC heap after
Heap after GC invocations=16 (full 2):
 PSYoungGen      total 111616K, used 480K [0x00000000e0000000, 0x00000000e7900000, 0x0000000100000000)
  eden space 105472K, 0% used [0x00000000e0000000,0x00000000e0000000,0x00000000e6700000)
  from space 6144K, 7% used [0x00000000e7300000,0x00000000e7378000,0x00000000e7900000)
  to   space 9216K, 0% used [0x00000000e6700000,0x00000000e6700000,0x00000000e7000000)
 ParOldGen       total 60416K, used 14531K [0x00000000a0000000, 0x00000000a3b00000, 0x00000000e0000000)
  object space 60416K, 24% used [0x00000000a0000000,0x00000000a0e30e50,0x00000000a3b00000)
 Metaspace       used 35472K, capacity 36116K, committed 36312K, reserved 1085440K
  class space    used 4823K, capacity 5062K, committed 5120K, reserved 1048576K
}
Event: 45.228 GC heap before
{Heap before GC invocations=17 (full 3):
 PSYoungGen      total 111616K, used 480K [0x00000000e0000000, 0x00000000e7900000, 0x0000000100000000)
  eden space 105472K, 0% used [0x00000000e0000000,0x00000000e0000000,0x00000000e6700000)
  from space 6144K, 7% used [0x00000000e7300000,0x00000000e7378000,0x00000000e7900000)
  to   space 9216K, 0% used [0x00000000e6700000,0x00000000e6700000,0x00000000e7000000)
 ParOldGen       total 60416K, used 14531K [0x00000000a0000000, 0x00000000a3b00000, 0x00000000e0000000)
  object space 60416K, 24% used [0x00000000a0000000,0x00000000a0e30e50,0x00000000a3b00000)
 Metaspace       used 35472K, capacity 36116K, committed 36312K, reserved 1085440K
  class space    used 4823K, capacity 5062K, committed 5120K, reserved 1048576K
Event: 45.531 GC heap after
Heap after GC invocations=17 (full 3):
 PSYoungGen      total 111616K, used 0K [0x00000000e0000000, 0x00000000e7900000, 0x0000000100000000)
  eden space 105472K, 0% used [0x00000000e0000000,0x00000000e0000000,0x00000000e6700000)
  from space 6144K, 0% used [0x00000000e7300000,0x00000000e7300000,0x00000000e7900000)
  to   space 9216K, 0% used [0x00000000e6700000,0x00000000e6700000,0x00000000e7000000)
 ParOldGen       total 60416K, used 14823K [0x00000000a0000000, 0x00000000a3b00000, 0x00000000e0000000)
  object space 60416K, 24% used [0x00000000a0000000,0x00000000a0e79d48,0x00000000a3b00000)
 Metaspace       used 35472K, capacity 36116K, committed 36312K, reserved 1083392K
  class space    used 4823K, capacity 5062K, committed 5120K, reserved 1048576K
}

Deoptimization events (10 events):
Event: 32.614 Thread 0x000000001ad08800 Uncommon trap: reason=class_check action=maybe_recompile pc=0x0000000005d37f60 method=java.util.regex.Pattern$GroupTail.match(Ljava/util/regex/Matcher;ILjava/lang/CharSequence;)Z @ 70
Event: 32.614 Thread 0x000000001ad08800 Uncommon trap: reason=class_check action=maybe_recompile pc=0x0000000005d37f60 method=java.util.regex.Pattern$GroupTail.match(Ljava/util/regex/Matcher;ILjava/lang/CharSequence;)Z @ 70
Event: 36.632 Thread 0x000000001ad08800 Uncommon trap: reason=unstable_if action=reinterpret pc=0x0000000005349784 method=java.util.jar.JarFile.match([C[B[I[I)Z @ 29
Event: 43.258 Thread 0x000000001ad08800 Uncommon trap: reason=unstable_if action=reinterpret pc=0x0000000005b80d48 method=java.util.regex.Pattern$CharProperty.match(Ljava/util/regex/Matcher;ILjava/lang/CharSequence;)Z @ 40
Event: 43.811 Thread 0x000000001ad08800 Uncommon trap: reason=class_check action=maybe_recompile pc=0x0000000005915018 method=java.io.BufferedInputStream.read1([BII)I @ 39
Event: 43.811 Thread 0x000000001ad08800 Uncommon trap: reason=class_check action=maybe_recompile pc=0x0000000005915018 method=java.io.BufferedInputStream.read1([BII)I @ 39
Event: 43.811 Thread 0x000000001ad08800 Uncommon trap: reason=class_check action=maybe_recompile pc=0x0000000005915018 method=java.io.BufferedInputStream.read1([BII)I @ 39
Event: 44.455 Thread 0x000000001ad08800 Uncommon trap: reason=unstable_if action=reinterpret pc=0x0000000005a265c8 method=java.lang.Integer.valueOf(I)Ljava/lang/Integer; @ 3
Event: 44.461 Thread 0x000000001ad08800 Uncommon trap: reason=predicate action=maybe_recompile pc=0x00000000058be7a8 method=java.util.Arrays.binarySearch0([Ljava/lang/Object;IILjava/lang/Object;Ljava/util/Comparator;)I @ 28
Event: 44.822 Thread 0x000000001ad08800 Uncommon trap: reason=unstable_if action=reinterpret pc=0x00000000051e0a20 method=sun.misc.MetaIndex.mayContain(Ljava/lang/String;)Z @ 38

Classes redefined (0 events):
No events

Internal exceptions (10 events):
Event: 43.179 Thread 0x000000001ad08800 Exception <a 'java/lang/ClassNotFoundException': org/gradle/api/internal/AbstractTaskBeanInfo> (0x00000000e2ab9a28) thrown at [D:\src\AOSP-openjdk-cygwin\jdk8u\hotspot\src\share\vm\classfile\systemDictionary.cpp, line 210]
Event: 43.180 Thread 0x000000001ad08800 Exception <a 'java/lang/ClassNotFoundException': org/gradle/api/internal/AbstractTaskCustomizer> (0x00000000e2ae3900) thrown at [D:\src\AOSP-openjdk-cygwin\jdk8u\hotspot\src\share\vm\classfile\systemDictionary.cpp, line 210]
Event: 43.186 Thread 0x000000001ad08800 Exception <a 'java/lang/ClassNotFoundException': org/gradle/api/DefaultTaskCustomizer> (0x00000000e2b6b638) thrown at [D:\src\AOSP-openjdk-cygwin\jdk8u\hotspot\src\share\vm\classfile\systemDictionary.cpp, line 210]
Event: 43.188 Thread 0x000000001ad08800 Exception <a 'java/lang/ClassNotFoundException': org/gradle/api/internal/ConventionTaskCustomizer> (0x00000000e2ba4f28) thrown at [D:\src\AOSP-openjdk-cygwin\jdk8u\hotspot\src\share\vm\classfile\systemDictionary.cpp, line 210]
Event: 43.190 Thread 0x000000001ad08800 Exception <a 'java/lang/ClassNotFoundException': org/gradle/api/tasks/DeleteCustomizer> (0x00000000e2bdc820) thrown at [D:\src\AOSP-openjdk-cygwin\jdk8u\hotspot\src\share\vm\classfile\systemDictionary.cpp, line 210]
Event: 43.194 Thread 0x000000001ad08800 Exception <a 'java/lang/ClassNotFoundException': org/gradle/api/tasks/Delete_DecoratedCustomizer> (0x00000000e2c21c78) thrown at [D:\src\AOSP-openjdk-cygwin\jdk8u\hotspot\src\share\vm\classfile\systemDictionary.cpp, line 210]
Event: 43.533 Thread 0x000000001ad08800 Exception <a 'java/lang/ClassNotFoundException': build_4ehl9k9qdzavqnd5ufftjhim1BeanInfo> (0x00000000e2d2f160) thrown at [D:\src\AOSP-openjdk-cygwin\jdk8u\hotspot\src\share\vm\classfile\systemDictionary.cpp, line 210]
Event: 43.534 Thread 0x000000001ad08800 Exception <a 'java/lang/ClassNotFoundException': build_4ehl9k9qdzavqnd5ufftjhim1Customizer> (0x00000000e2d39658) thrown at [D:\src\AOSP-openjdk-cygwin\jdk8u\hotspot\src\share\vm\classfile\systemDictionary.cpp, line 210]
Event: 43.544 Thread 0x000000001ad08800 Exception <a 'java/lang/ClassNotFoundException': org/gradle/api/internal/plugins/DefaultObjectConfigurationActionBeanInfo> (0x00000000e2d9e9b0) thrown at [D:\src\AOSP-openjdk-cygwin\jdk8u\hotspot\src\share\vm\classfile\systemDictionary.cpp, line 210]
Event: 43.545 Thread 0x000000001ad08800 Exception <a 'java/lang/ClassNotFoundException': org/gradle/api/internal/plugins/DefaultObjectConfigurationActionCustomizer> (0x00000000e2de07e0) thrown at [D:\src\AOSP-openjdk-cygwin\jdk8u\hotspot\src\share\vm\classfile\systemDictionary.cpp, line 210]

Events (10 events):
Event: 45.553 loading class com/google/gson/internal/bind/TypeAdapters$4
Event: 45.553 loading class com/google/gson/internal/bind/TypeAdapters$4 done
Event: 45.554 loading class com/google/gson/internal/bind/TypeAdapters$5
Event: 45.554 loading class com/google/gson/internal/bind/TypeAdapters$5 done
Event: 45.555 loading class com/google/gson/internal/bind/TypeAdapters$6
Event: 45.555 loading class com/google/gson/internal/bind/TypeAdapters$6 done
Event: 45.556 loading class com/google/gson/internal/bind/TypeAdapters$7
Event: 45.556 loading class com/google/gson/internal/bind/TypeAdapters$7 done
Event: 45.557 loading class com/google/gson/internal/bind/TypeAdapters$11
Event: 45.557 loading class com/google/gson/internal/bind/TypeAdapters$11 done


Dynamic libraries:
0x00007ff7915e0000 - 0x00007ff791611000 	C:\Program Files\Android\Android Studio\jre\bin\java.exe
0x00007ffaf5880000 - 0x00007ffaf5a60000 	C:\WINDOWS\SYSTEM32\ntdll.dll
0x00007ffaf3a90000 - 0x00007ffaf3b3e000 	C:\WINDOWS\System32\KERNEL32.DLL
0x00007ffaf1e00000 - 0x00007ffaf2066000 	C:\WINDOWS\System32\KERNELBASE.dll
0x00007ffaf3080000 - 0x00007ffaf3121000 	C:\WINDOWS\System32\ADVAPI32.dll
0x00007ffaf4370000 - 0x00007ffaf440d000 	C:\WINDOWS\System32\msvcrt.dll
0x00007ffaf4070000 - 0x00007ffaf40cb000 	C:\WINDOWS\System32\sechost.dll
0x00007ffaf3bb0000 - 0x00007ffaf3ccf000 	C:\WINDOWS\System32\RPCRT4.dll
0x00007ffaf2e20000 - 0x00007ffaf2faf000 	C:\WINDOWS\System32\USER32.dll
0x00007ffaf2a40000 - 0x00007ffaf2a60000 	C:\WINDOWS\System32\win32u.dll
0x00007ffaf3130000 - 0x00007ffaf3158000 	C:\WINDOWS\System32\GDI32.dll
0x00007ffaf2a60000 - 0x00007ffaf2bf3000 	C:\WINDOWS\System32\gdi32full.dll
0x00007ffaf2cb0000 - 0x00007ffaf2d4b000 	C:\WINDOWS\System32\msvcp_win.dll
0x00007ffaf1d00000 - 0x00007ffaf1df6000 	C:\WINDOWS\System32\ucrtbase.dll
0x00007ffae9270000 - 0x00007ffae94d9000 	C:\WINDOWS\WinSxS\amd64_microsoft.windows.common-controls_6595b64144ccf1df_6.0.16299.309_none_15cfd4c4935e6b11\COMCTL32.dll
0x00007ffaf3170000 - 0x00007ffaf3478000 	C:\WINDOWS\System32\combase.dll
0x00007ffaf1c80000 - 0x00007ffaf1cf2000 	C:\WINDOWS\System32\bcryptPrimitives.dll
0x00007ffaf4340000 - 0x00007ffaf436d000 	C:\WINDOWS\System32\IMM32.DLL
0x0000000068400000 - 0x00000000684d2000 	C:\Program Files\Android\Android Studio\jre\jre\bin\msvcr100.dll
0x0000000067b20000 - 0x000000006835f000 	C:\Program Files\Android\Android Studio\jre\jre\bin\server\jvm.dll
0x00007ffaf3160000 - 0x00007ffaf3168000 	C:\WINDOWS\System32\PSAPI.DLL
0x00007ffadeb70000 - 0x00007ffadeb79000 	C:\WINDOWS\SYSTEM32\WSOCK32.dll
0x00007ffaf2fb0000 - 0x00007ffaf301c000 	C:\WINDOWS\System32\WS2_32.dll
0x00007ffaee510000 - 0x00007ffaee533000 	C:\WINDOWS\SYSTEM32\WINMM.dll
0x00007ffaed8e0000 - 0x00007ffaed8ea000 	C:\WINDOWS\SYSTEM32\VERSION.dll
0x00007ffaee4e0000 - 0x00007ffaee50a000 	C:\WINDOWS\SYSTEM32\WINMMBASE.dll
0x00007ffaf2990000 - 0x00007ffaf29da000 	C:\WINDOWS\System32\cfgmgr32.dll
0x00007ffaec9e0000 - 0x00007ffaec9ef000 	C:\Program Files\Android\Android Studio\jre\jre\bin\verify.dll
0x00007ffadc4b0000 - 0x00007ffadc4d9000 	C:\Program Files\Android\Android Studio\jre\jre\bin\java.dll
0x00007ffaec9c0000 - 0x00007ffaec9d6000 	C:\Program Files\Android\Android Studio\jre\jre\bin\zip.dll
0x00007ffaf4410000 - 0x00007ffaf5846000 	C:\WINDOWS\System32\SHELL32.dll
0x00007ffaf3fc0000 - 0x00007ffaf4066000 	C:\WINDOWS\System32\shcore.dll
0x00007ffaf2240000 - 0x00007ffaf2987000 	C:\WINDOWS\System32\windows.storage.dll
0x00007ffaf3e40000 - 0x00007ffaf3e91000 	C:\WINDOWS\System32\shlwapi.dll
0x00007ffaf1c40000 - 0x00007ffaf1c51000 	C:\WINDOWS\System32\kernel.appcore.dll
0x00007ffaf1bf0000 - 0x00007ffaf1c3c000 	C:\WINDOWS\System32\powrprof.dll
0x00007ffaf1bd0000 - 0x00007ffaf1beb000 	C:\WINDOWS\System32\profapi.dll
0x00007ffae7060000 - 0x00007ffae707a000 	C:\Program Files\Android\Android Studio\jre\jre\bin\net.dll
0x00007ffaf1400000 - 0x00007ffaf1466000 	C:\WINDOWS\system32\mswsock.dll
0x00007ffae6af0000 - 0x00007ffae6b01000 	C:\Program Files\Android\Android Studio\jre\jre\bin\nio.dll
0x00007ffaee6a0000 - 0x00007ffaee6be000 	C:\Users\Michael\.gradle\native\25\windows-amd64\native-platform.dll
0x00007ffaebb40000 - 0x00007ffaebb4d000 	C:\Program Files\Android\Android Studio\jre\jre\bin\management.dll
0x00007ffaf15d0000 - 0x00007ffaf15e7000 	C:\WINDOWS\SYSTEM32\CRYPTSP.dll
0x00007ffaf1000000 - 0x00007ffaf1033000 	C:\WINDOWS\system32\rsaenh.dll
0x00007ffaf16d0000 - 0x00007ffaf16f5000 	C:\WINDOWS\SYSTEM32\bcrypt.dll
0x00007ffaf1b00000 - 0x00007ffaf1b29000 	C:\WINDOWS\SYSTEM32\USERENV.dll
0x00007ffaf15c0000 - 0x00007ffaf15cb000 	C:\WINDOWS\SYSTEM32\CRYPTBASE.dll
0x00007ffaf1190000 - 0x00007ffaf11c9000 	C:\WINDOWS\SYSTEM32\IPHLPAPI.DLL
0x00007ffaf3b40000 - 0x00007ffaf3b48000 	C:\WINDOWS\System32\NSI.dll
0x00007ffaeadb0000 - 0x00007ffaeadc6000 	C:\WINDOWS\SYSTEM32\dhcpcsvc6.DLL
0x00007ffaeaed0000 - 0x00007ffaeaeea000 	C:\WINDOWS\SYSTEM32\dhcpcsvc.DLL

VM Arguments:
jvm_args: -Xmx1536m -Dfile.encoding=windows-1252 -Duser.country=US -Duser.language=en -Duser.variant 
java_command: org.gradle.launcher.daemon.bootstrap.GradleDaemon 4.4
java_class_path (initial): C:\Users\Michael\.gradle\wrapper\dists\gradle-4.4-all\9br9xq1tocpiv8o6njlyu5op1\gradle-4.4\lib\gradle-launcher-4.4.jar
Launcher Type: SUN_STANDARD

Environment Variables:
JAVA_HOME=C:\Program Files\Java\jdk-9.0.4
PATH=C:\Program Files (x86)\NVIDIA Corporation\PhysX\Common;C:\ProgramData\Oracle\Java\javapath;C:\Program Files\Broadcom\Broadcom 802.11 Network Adapter;C:\WINDOWS\system32;C:\WINDOWS;C:\WINDOWS\System32\Wbem;C:\WINDOWS\System32\WindowsPowerShell\v1.0\;c:\Program Files (x86)\ATI Technologies\ATI.ACE\Core-Static;C:\Program Files (x86)\Skype\Phone\;C:\Program Files (x86)\Windows Live\Shared;C:\Program Files\Microsoft SQL Server\130\Tools\Binn\;C:\Program Files\TortoiseGit\bin;C:\Program Files\Java\jdk-9.0.4\bin;C:\Program Files\JetBrains\IntelliJ IDEA 2017.3.4\plugins\maven\lib\maven3\bin;C:\Program Files\MySQL\MySQL Server 5.7\\bin;C:\Program Files (x86)\MySQL\MySQL Utilities 1.6\;C:\Users\Michael\AppData\Local\Programs\Python\Python36-32\Scripts\;C:\Users\Michael\AppData\Local\Programs\Python\Python36-32\;C:\Users\Michael\AppData\Local\Microsoft\WindowsApps;C:\Program Files\Java\jdk-9.0.4\bin;C:\Users\Michael\AppData\Local\atom\bin
USERNAME=Michael
OS=Windows_NT
PROCESSOR_IDENTIFIER=AMD64 Family 21 Model 96 Stepping 1, AuthenticAMD



---------------  S Y S T E M  ---------------

OS: Windows 10.0 , 64 bit Build 16299 (10.0.16299.15)

CPU:total 4 (initial active 4) (4 cores per cpu, 1 threads per core) family 21 model 96 stepping 1, cmov, cx8, fxsr, mmx, sse, sse2, sse3, ssse3, sse4.1, sse4.2, popcnt, avx, avx2, aes, clmul, mmxext, 3dnowpref, lzcnt, sse4a, tsc, tscinvbit, tscinv, bmi1

Memory: 4k page, physical 5864568k(444056k free), swap 7707768k(3556k free)

vm_info: OpenJDK 64-Bit Server VM (25.152-b02) for windows-amd64 JRE (1.8.0_152-release-1024-b02), built by "builder" with MS VC++ 10.0 (VS2010)

time: Thu Apr 05 18:19:41 2018
elapsed time: 45 seconds (0d 0h 0m 45s)

