#
# There is insufficient memory for the Java Runtime Environment to continue.
# Native memory allocation (malloc) failed to allocate 925056 bytes for Chunk::new
# Possible reasons:
#   The system is out of physical RAM or swap space
#   In 32 bit mode, the process size limit was hit
# Possible solutions:
#   Reduce memory load on the system
#   Increase physical memory or swap space
#   Check if swap backing store is full
#   Use 64 bit Java on a 64 bit OS
#   Decrease Java heap size (-Xmx/-Xms)
#   Decrease number of Java threads
#   Decrease Java thread stack sizes (-Xss)
#   Set larger code cache with -XX:ReservedCodeCacheSize=
# This output file may be truncated or incomplete.
#
#  Out of Memory Error (allocation.cpp:390), pid=4964, tid=0x0000000000001f94
#
# JRE version: OpenJDK Runtime Environment (8.0_152-b02) (build 1.8.0_152-release-1024-b02)
# Java VM: OpenJDK 64-Bit Server VM (25.152-b02 mixed mode windows-amd64 compressed oops)
# Failed to write core dump. Minidumps are not enabled by default on client versions of Windows
#

---------------  T H R E A D  ---------------

Current thread (0x0000000014e2d000):  JavaThread "C2 CompilerThread0" daemon [_thread_in_native, id=8084, stack(0x0000000016570000,0x0000000016670000)]

Stack: [0x0000000016570000,0x0000000016670000]
[error occurred during error reporting (printing stack bounds), id 0xc0000005]

Native frames: (J=compiled Java code, j=interpreted, Vv=VM code, C=native code)


Current CompileTask:
C2:   3822  968       4       org.objectweb.asm.ClassReader::readCode (3575 bytes)


---------------  P R O C E S S  ---------------

Java Threads: ( => current thread )
  0x0000000014e7e800 JavaThread "Service Thread" daemon [_thread_blocked, id=10968, stack(0x0000000016c70000,0x0000000016d70000)]
  0x0000000014e20000 JavaThread "C1 CompilerThread2" daemon [_thread_blocked, id=10836, stack(0x0000000016770000,0x0000000016870000)]
  0x0000000014e30000 JavaThread "C2 CompilerThread1" daemon [_thread_in_native, id=2060, stack(0x0000000016670000,0x0000000016770000)]
=>0x0000000014e2d000 JavaThread "C2 CompilerThread0" daemon [_thread_in_native, id=8084, stack(0x0000000016570000,0x0000000016670000)]
  0x0000000014e2b800 JavaThread "Attach Listener" daemon [_thread_blocked, id=8568, stack(0x0000000016470000,0x0000000016570000)]
  0x0000000014e2a800 JavaThread "Signal Dispatcher" daemon [_thread_blocked, id=10012, stack(0x0000000016370000,0x0000000016470000)]
  0x0000000014e0e000 JavaThread "Finalizer" daemon [_thread_blocked, id=2320, stack(0x0000000016080000,0x0000000016180000)]
  0x0000000004ab7800 JavaThread "Reference Handler" daemon [_thread_blocked, id=11572, stack(0x0000000015f80000,0x0000000016080000)]
  0x00000000049c5800 JavaThread "main" [_thread_in_Java, id=11260, stack(0x00000000047f0000,0x00000000048f0000)]

Other Threads:
  0x0000000014de5000 VMThread [stack: 0x0000000015e80000,0x0000000015f80000] [id=5336]
  0x000000001688b000 WatcherThread [stack: 0x0000000016d70000,0x0000000016e70000] [id=10104]

VM state:not at safepoint (normal execution)

VM Mutex/Monitor currently owned by a thread: None

Heap:
 PSYoungGen      total 18944K, used 14428K [0x00000000feb00000, 0x0000000100000000, 0x0000000100000000)
  eden space 16384K, 72% used [0x00000000feb00000,0x00000000ff69c8d0,0x00000000ffb00000)
  from space 2560K, 99% used [0x00000000ffd80000,0x00000000ffffa840,0x0000000100000000)
  to   space 2560K, 0% used [0x00000000ffb00000,0x00000000ffb00000,0x00000000ffd80000)
 ParOldGen       total 44032K, used 5300K [0x00000000fc000000, 0x00000000feb00000, 0x00000000feb00000)
  object space 44032K, 12% used [0x00000000fc000000,0x00000000fc52d110,0x00000000feb00000)
 Metaspace       used 7930K, capacity 8164K, committed 8192K, reserved 1056768K
  class space    used 903K, capacity 1002K, committed 1024K, reserved 1048576K

Card table byte_map: [0x00000000048f0000,0x0000000004920000] byte_map_base: 0x0000000004110000

Marking Bits: (ParMarkBitMap*) 0x0000000062f44970
 Begin Bits: [0x0000000014280000, 0x0000000014380000)
 End Bits:   [0x0000000014380000, 0x0000000014480000)

Polling page: 0x0000000002a40000

CodeCache: size=245760Kb used=3957Kb max_used=3957Kb free=241802Kb
 bounds [0x0000000004ac0000, 0x0000000004eb0000, 0x0000000013ac0000]
 total_blobs=1400 nmethods=1069 adapters=246
 compilation: enabled

Compilation events (10 events):
Event: 3.750 Thread 0x0000000014e20000 1039       3       com.google.common.base.Preconditions::checkArgument (25 bytes)
Event: 3.750 Thread 0x0000000014e20000 nmethod 1039 0x0000000004e89c90 code [0x0000000004e89e20, 0x0000000004e8a238]
Event: 3.751 Thread 0x0000000014e30000 nmethod 1035 0x0000000004e8a3d0 code [0x0000000004e8a680, 0x0000000004e8b0d8]
Event: 3.751 Thread 0x0000000014e30000 1036       4       org.objectweb.asm.Type::getArgumentsAndReturnSizes (151 bytes)
Event: 3.760 Thread 0x0000000014e20000 1042       3       java.util.HashMap::tableSizeFor (59 bytes)
Event: 3.760 Thread 0x0000000014e20000 nmethod 1042 0x0000000004e83c90 code [0x0000000004e83e00, 0x0000000004e84010]
Event: 3.762 Thread 0x0000000014e30000 nmethod 1036 0x0000000004e89090 code [0x0000000004e89200, 0x0000000004e896f8]
Event: 3.762 Thread 0x0000000014e30000 1040       4       org.objectweb.asm.MethodVisitor::visitFrame (22 bytes)
Event: 3.763 Thread 0x0000000014e30000 nmethod 1040 0x0000000004e8b750 code [0x0000000004e8b8a0, 0x0000000004e8b958]
Event: 3.763 Thread 0x0000000014e30000 1041       4       com.google.devtools.build.android.desugar.TryWithResourcesRewriter::isCallToSyntheticCloseResource (44 bytes)

GC Heap History (4 events):
Event: 2.394 GC heap before
{Heap before GC invocations=1 (full 0):
 PSYoungGen      total 18944K, used 16384K [0x00000000feb00000, 0x0000000100000000, 0x0000000100000000)
  eden space 16384K, 100% used [0x00000000feb00000,0x00000000ffb00000,0x00000000ffb00000)
  from space 2560K, 0% used [0x00000000ffd80000,0x00000000ffd80000,0x0000000100000000)
  to   space 2560K, 0% used [0x00000000ffb00000,0x00000000ffb00000,0x00000000ffd80000)
 ParOldGen       total 44032K, used 0K [0x00000000fc000000, 0x00000000feb00000, 0x00000000feb00000)
  object space 44032K, 0% used [0x00000000fc000000,0x00000000fc000000,0x00000000feb00000)
 Metaspace       used 6718K, capacity 6938K, committed 7040K, reserved 1056768K
  class space    used 791K, capacity 871K, committed 896K, reserved 1048576K
Event: 2.405 GC heap after
Heap after GC invocations=1 (full 0):
 PSYoungGen      total 18944K, used 2528K [0x00000000feb00000, 0x0000000100000000, 0x0000000100000000)
  eden space 16384K, 0% used [0x00000000feb00000,0x00000000feb00000,0x00000000ffb00000)
  from space 2560K, 98% used [0x00000000ffb00000,0x00000000ffd78030,0x00000000ffd80000)
  to   space 2560K, 0% used [0x00000000ffd80000,0x00000000ffd80000,0x0000000100000000)
 ParOldGen       total 44032K, used 1107K [0x00000000fc000000, 0x00000000feb00000, 0x00000000feb00000)
  object space 44032K, 2% used [0x00000000fc000000,0x00000000fc114d68,0x00000000feb00000)
 Metaspace       used 6718K, capacity 6938K, committed 7040K, reserved 1056768K
  class space    used 791K, capacity 871K, committed 896K, reserved 1048576K
}
Event: 3.316 GC heap before
{Heap before GC invocations=2 (full 0):
 PSYoungGen      total 18944K, used 18912K [0x00000000feb00000, 0x0000000100000000, 0x0000000100000000)
  eden space 16384K, 100% used [0x00000000feb00000,0x00000000ffb00000,0x00000000ffb00000)
  from space 2560K, 98% used [0x00000000ffb00000,0x00000000ffd78030,0x00000000ffd80000)
  to   space 2560K, 0% used [0x00000000ffd80000,0x00000000ffd80000,0x0000000100000000)
 ParOldGen       total 44032K, used 1107K [0x00000000fc000000, 0x00000000feb00000, 0x00000000feb00000)
  object space 44032K, 2% used [0x00000000fc000000,0x00000000fc114d68,0x00000000feb00000)
 Metaspace       used 7833K, capacity 8036K, committed 8192K, reserved 1056768K
  class space    used 901K, capacity 1002K, committed 1024K, reserved 1048576K
Event: 3.333 GC heap after
Heap after GC invocations=2 (full 0):
 PSYoungGen      total 18944K, used 2538K [0x00000000feb00000, 0x0000000100000000, 0x0000000100000000)
  eden space 16384K, 0% used [0x00000000feb00000,0x00000000feb00000,0x00000000ffb00000)
  from space 2560K, 99% used [0x00000000ffd80000,0x00000000ffffa840,0x0000000100000000)
  to   space 2560K, 0% used [0x00000000ffb00000,0x00000000ffb00000,0x00000000ffd80000)
 ParOldGen       total 44032K, used 5300K [0x00000000fc000000, 0x00000000feb00000, 0x00000000feb00000)
  object space 44032K, 12% used [0x00000000fc000000,0x00000000fc52d110,0x00000000feb00000)
 Metaspace       used 7833K, capacity 8036K, committed 8192K, reserved 1056768K
  class space    used 901K, capacity 1002K, committed 1024K, reserved 1048576K
}

Deoptimization events (10 events):
Event: 2.952 Thread 0x00000000049c5800 Uncommon trap: reason=class_check action=maybe_recompile pc=0x0000000004d255ac method=com.google.common.collect.TransformedIterator.hasNext()Z @ 4
Event: 2.953 Thread 0x00000000049c5800 Uncommon trap: reason=class_check action=maybe_recompile pc=0x0000000004d0e470 method=com.google.common.collect.TransformedIterator.next()Ljava/lang/Object; @ 5
Event: 2.953 Thread 0x00000000049c5800 Uncommon trap: reason=class_check action=maybe_recompile pc=0x0000000004d15ed0 method=com.google.common.collect.Iterators$7.transform(Ljava/lang/Object;)Ljava/lang/Object; @ 5
Event: 2.953 Thread 0x00000000049c5800 Uncommon trap: reason=class_check action=maybe_recompile pc=0x0000000004d255ac method=com.google.common.collect.TransformedIterator.hasNext()Z @ 4
Event: 2.953 Thread 0x00000000049c5800 Uncommon trap: reason=class_check action=maybe_recompile pc=0x0000000004d0e470 method=com.google.common.collect.TransformedIterator.next()Ljava/lang/Object; @ 5
Event: 2.953 Thread 0x00000000049c5800 Uncommon trap: reason=class_check action=maybe_recompile pc=0x0000000004d15ed0 method=com.google.common.collect.Iterators$7.transform(Ljava/lang/Object;)Ljava/lang/Object; @ 5
Event: 2.953 Thread 0x00000000049c5800 Uncommon trap: reason=class_check action=maybe_recompile pc=0x0000000004d0e470 method=com.google.common.collect.TransformedIterator.next()Ljava/lang/Object; @ 5
Event: 2.953 Thread 0x00000000049c5800 Uncommon trap: reason=class_check action=maybe_recompile pc=0x0000000004d15ed0 method=com.google.common.collect.Iterators$7.transform(Ljava/lang/Object;)Ljava/lang/Object; @ 5
Event: 3.595 Thread 0x00000000049c5800 Uncommon trap: reason=unstable_if action=reinterpret pc=0x0000000004e5ab9c method=org.objectweb.asm.Type.getArgumentsAndReturnSizes(Ljava/lang/String;)I @ 136
Event: 3.600 Thread 0x00000000049c5800 Uncommon trap: reason=unstable_if action=reinterpret pc=0x0000000004e33794 method=org.objectweb.asm.Item.isEqualTo(Lorg/objectweb/asm/Item;)Z @ 251

Classes redefined (0 events):
No events

Internal exceptions (10 events):
Event: 2.111 Thread 0x00000000049c5800 Exception <a 'sun/nio/fs/WindowsException'> (0x00000000ff2ed790) thrown at [D:\src\AOSP-openjdk-cygwin\jdk8u\hotspot\src\share\vm\prims\jni.cpp, line 709]
Event: 2.308 Thread 0x00000000049c5800 Implicit null exception at 0x0000000004d12561 to 0x0000000004d12af5
Event: 2.362 Thread 0x00000000049c5800 Implicit null exception at 0x0000000004d1923e to 0x0000000004d19ad5
Event: 2.579 Thread 0x00000000049c5800 Exception <a 'sun/nio/fs/WindowsException'> (0x00000000ff28e2f0) thrown at [D:\src\AOSP-openjdk-cygwin\jdk8u\hotspot\src\share\vm\prims\jni.cpp, line 709]
Event: 2.579 Thread 0x00000000049c5800 Exception <a 'sun/nio/fs/WindowsException'> (0x00000000ff28e8c0) thrown at [D:\src\AOSP-openjdk-cygwin\jdk8u\hotspot\src\share\vm\prims\jni.cpp, line 709]
Event: 2.579 Thread 0x00000000049c5800 Exception <a 'sun/nio/fs/WindowsException'> (0x00000000ff28eeb0) thrown at [D:\src\AOSP-openjdk-cygwin\jdk8u\hotspot\src\share\vm\prims\jni.cpp, line 709]
Event: 2.579 Thread 0x00000000049c5800 Exception <a 'sun/nio/fs/WindowsException'> (0x00000000ff28f680) thrown at [D:\src\AOSP-openjdk-cygwin\jdk8u\hotspot\src\share\vm\prims\jni.cpp, line 709]
Event: 2.607 Thread 0x00000000049c5800 Exception <a 'sun/nio/fs/WindowsException'> (0x00000000ff294650) thrown at [D:\src\AOSP-openjdk-cygwin\jdk8u\hotspot\src\share\vm\prims\jni.cpp, line 709]
Event: 2.881 Thread 0x00000000049c5800 Exception <a 'sun/nio/fs/WindowsException'> (0x00000000ff68cbe0) thrown at [D:\src\AOSP-openjdk-cygwin\jdk8u\hotspot\src\share\vm\prims\jni.cpp, line 709]
Event: 2.881 Thread 0x00000000049c5800 Exception <a 'sun/nio/fs/WindowsException'> (0x00000000ff68d188) thrown at [D:\src\AOSP-openjdk-cygwin\jdk8u\hotspot\src\share\vm\prims\jni.cpp, line 709]

Events (10 events):
Event: 3.595 Thread 0x00000000049c5800 Uncommon trap: trap_request=0xffffff65 fr.pc=0x0000000004e5ab9c
Event: 3.595 Thread 0x00000000049c5800 DEOPT PACKING pc=0x0000000004e5ab9c sp=0x00000000048ee8f0
Event: 3.595 Thread 0x00000000049c5800 DEOPT UNPACKING pc=0x0000000004b0557b sp=0x00000000048ee880 mode 2
Event: 3.600 Thread 0x00000000049c5800 Uncommon trap: trap_request=0xffffff65 fr.pc=0x0000000004e33794
Event: 3.600 Thread 0x00000000049c5800 DEOPT PACKING pc=0x0000000004e33794 sp=0x00000000048ee420
Event: 3.601 Thread 0x00000000049c5800 DEOPT UNPACKING pc=0x0000000004b0557b sp=0x00000000048ee3b8 mode 2
Event: 3.610 loading class org/objectweb/asm/tree/TryCatchBlockNode
Event: 3.610 loading class org/objectweb/asm/tree/TryCatchBlockNode done
Event: 3.626 loading class org/objectweb/asm/tree/LocalVariableNode
Event: 3.626 loading class org/objectweb/asm/tree/LocalVariableNode done


Dynamic libraries:
0x00007ff7e4450000 - 0x00007ff7e4481000 	C:\Program Files\Android\Android Studio\jre\bin\java.exe
0x00007ffaf5880000 - 0x00007ffaf5a60000 	C:\WINDOWS\SYSTEM32\ntdll.dll
0x00007ffaf3a90000 - 0x00007ffaf3b3e000 	C:\WINDOWS\System32\KERNEL32.DLL
0x00007ffaf1e00000 - 0x00007ffaf2066000 	C:\WINDOWS\System32\KERNELBASE.dll
0x00007ffaf3080000 - 0x00007ffaf3121000 	C:\WINDOWS\System32\ADVAPI32.dll
0x00007ffaf4370000 - 0x00007ffaf440d000 	C:\WINDOWS\System32\msvcrt.dll
0x00007ffaf4070000 - 0x00007ffaf40cb000 	C:\WINDOWS\System32\sechost.dll
0x00007ffaf3bb0000 - 0x00007ffaf3ccf000 	C:\WINDOWS\System32\RPCRT4.dll
0x00007ffaf2e20000 - 0x00007ffaf2faf000 	C:\WINDOWS\System32\USER32.dll
0x00007ffaf2a40000 - 0x00007ffaf2a60000 	C:\WINDOWS\System32\win32u.dll
0x00007ffaf3130000 - 0x00007ffaf3158000 	C:\WINDOWS\System32\GDI32.dll
0x00007ffaf2a60000 - 0x00007ffaf2bf3000 	C:\WINDOWS\System32\gdi32full.dll
0x00007ffaf2cb0000 - 0x00007ffaf2d4b000 	C:\WINDOWS\System32\msvcp_win.dll
0x00007ffaf1d00000 - 0x00007ffaf1df6000 	C:\WINDOWS\System32\ucrtbase.dll
0x00007ffae9270000 - 0x00007ffae94d9000 	C:\WINDOWS\WinSxS\amd64_microsoft.windows.common-controls_6595b64144ccf1df_6.0.16299.309_none_15cfd4c4935e6b11\COMCTL32.dll
0x00007ffaf3170000 - 0x00007ffaf3478000 	C:\WINDOWS\System32\combase.dll
0x00007ffaf1c80000 - 0x00007ffaf1cf2000 	C:\WINDOWS\System32\bcryptPrimitives.dll
0x00007ffaf4340000 - 0x00007ffaf436d000 	C:\WINDOWS\System32\IMM32.DLL
0x0000000068250000 - 0x0000000068322000 	C:\Program Files\Android\Android Studio\jre\jre\bin\msvcr100.dll
0x0000000062780000 - 0x0000000062fbf000 	C:\Program Files\Android\Android Studio\jre\jre\bin\server\jvm.dll
0x00007ffaf3160000 - 0x00007ffaf3168000 	C:\WINDOWS\System32\PSAPI.DLL
0x00007ffaee510000 - 0x00007ffaee533000 	C:\WINDOWS\SYSTEM32\WINMM.dll
0x00007ffadeb70000 - 0x00007ffadeb79000 	C:\WINDOWS\SYSTEM32\WSOCK32.dll
0x00007ffaed8e0000 - 0x00007ffaed8ea000 	C:\WINDOWS\SYSTEM32\VERSION.dll
0x00007ffaee4e0000 - 0x00007ffaee50a000 	C:\WINDOWS\SYSTEM32\WINMMBASE.dll
0x00007ffaf2990000 - 0x00007ffaf29da000 	C:\WINDOWS\System32\cfgmgr32.dll
0x0000000002ea0000 - 0x0000000002f0c000 	C:\WINDOWS\System32\ws2_32.DLL
0x00007ffaeb760000 - 0x00007ffaeb76f000 	C:\Program Files\Android\Android Studio\jre\jre\bin\verify.dll
0x00007ffada1b0000 - 0x00007ffada1d9000 	C:\Program Files\Android\Android Studio\jre\jre\bin\java.dll
0x00007ffae7b30000 - 0x00007ffae7b46000 	C:\Program Files\Android\Android Studio\jre\jre\bin\zip.dll
0x00007ffaf4410000 - 0x00007ffaf5846000 	C:\WINDOWS\System32\SHELL32.dll
0x00007ffaf3fc0000 - 0x00007ffaf4066000 	C:\WINDOWS\System32\shcore.dll
0x00007ffaf2240000 - 0x00007ffaf2987000 	C:\WINDOWS\System32\windows.storage.dll
0x00007ffaf3e40000 - 0x00007ffaf3e91000 	C:\WINDOWS\System32\shlwapi.dll
0x00007ffaf1c40000 - 0x00007ffaf1c51000 	C:\WINDOWS\System32\kernel.appcore.dll
0x00007ffaf1bf0000 - 0x00007ffaf1c3c000 	C:\WINDOWS\System32\powrprof.dll
0x00007ffaf1bd0000 - 0x00007ffaf1beb000 	C:\WINDOWS\System32\profapi.dll
0x00007ffaf15d0000 - 0x00007ffaf15e7000 	C:\WINDOWS\SYSTEM32\CRYPTSP.dll
0x00007ffaf1000000 - 0x00007ffaf1033000 	C:\WINDOWS\system32\rsaenh.dll
0x00007ffaf16d0000 - 0x00007ffaf16f5000 	C:\WINDOWS\SYSTEM32\bcrypt.dll
0x00007ffaf1b00000 - 0x00007ffaf1b29000 	C:\WINDOWS\SYSTEM32\USERENV.dll
0x00007ffaf15c0000 - 0x00007ffaf15cb000 	C:\WINDOWS\SYSTEM32\CRYPTBASE.dll
0x00007ffae79b0000 - 0x00007ffae79ca000 	C:\Program Files\Android\Android Studio\jre\jre\bin\net.dll
0x00007ffaf1400000 - 0x00007ffaf1466000 	C:\WINDOWS\system32\mswsock.dll
0x00007ffaf1190000 - 0x00007ffaf11c9000 	C:\WINDOWS\SYSTEM32\IPHLPAPI.DLL
0x00007ffaf3b40000 - 0x00007ffaf3b48000 	C:\WINDOWS\System32\NSI.dll
0x00007ffaeadb0000 - 0x00007ffaeadc6000 	C:\WINDOWS\SYSTEM32\dhcpcsvc6.DLL
0x00007ffaeaed0000 - 0x00007ffaeaeea000 	C:\WINDOWS\SYSTEM32\dhcpcsvc.DLL
0x00007ffae6c60000 - 0x00007ffae6c71000 	C:\Program Files\Android\Android Studio\jre\jre\bin\nio.dll

VM Arguments:
jvm_args: -Djava.awt.headless=true -Xmx64M -Dfile.encoding=windows-1252 -Duser.country=US -Duser.language=en -Duser.variant 
java_command: com.google.devtools.build.android.desugar.Desugar --input C:\Users\Michael\projects\Soft\EducationProject\app\build\intermediates\transforms\stackFramesFixer\debug\60.jar --output C:\Users\Michael\projects\Soft\EducationProject\app\build\intermediates\transforms\desugar\debug\62.jar --input C:\Users\Michael\projects\Soft\EducationProject\app\build\intermediates\classes\debug --output C:\Users\Michael\projects\Soft\EducationProject\app\build\intermediates\transforms\desugar\debug\0 --input C:\Users\Michael\projects\Soft\EducationProject\app\build\intermediates\transforms\stackFramesFixer\debug\10.jar --output C:\Users\Michael\projects\Soft\EducationProject\app\build\intermediates\transforms\desugar\debug\11.jar --input C:\Users\Michael\projects\Soft\EducationProject\app\build\intermediates\transforms\stackFramesFixer\debug\61.jar --output C:\Users\Michael\projects\Soft\EducationProject\app\build\intermediates\transforms\desugar\debug\55.jar --input C:\Users\Michael\projects\Soft\EducationProject\app\build\intermediates\transforms\stackFramesFixer\debug\22.jar --output C:\Users\Michael\projects\Soft\EducationProject\app\build\intermediates\transforms\desugar\debug\23.jar --input C:\Users\Michael\projects\Soft\EducationProject\app\build\intermediates\transforms\stackFramesFixer\debug\62.jar --output C:\Users\Michael\projects\Soft\EducationProject\app\build\intermediates\transforms\desugar\debug\61.jar --input C:\Users\Michael\projects\Soft\EducationProject\app\build\intermediates\transforms\stackFramesFixer\debug\57.jar --output C:\Users\Michael\projects\Soft\EducationProject\app\build\intermediates\transforms\desugar\debug\65.jar --input C:\Users\Michael\projects\Soft\EducationProject\app\build\intermediates\transforms\stackFramesFixer\debug\53.jar --output C:\Users\Michael\projects\Soft\EducationProject\app\build\intermediates\transforms\desugar\debug\67.jar --classpath_entry C:\Users\Michael\projects\Soft\EducationProject\app\build\intermediates\clas
java_class_path (initial): C:\Users\Michael\AppData\Local\Temp\desugar_deploy.jar8603529015486300691
Launcher Type: SUN_STANDARD

Environment Variables:
JAVA_HOME=C:\Program Files\Java\jdk-9.0.4
PATH=C:\Program Files (x86)\NVIDIA Corporation\PhysX\Common;C:\ProgramData\Oracle\Java\javapath;C:\Program Files\Broadcom\Broadcom 802.11 Network Adapter;C:\WINDOWS\system32;C:\WINDOWS;C:\WINDOWS\System32\Wbem;C:\WINDOWS\System32\WindowsPowerShell\v1.0\;c:\Program Files (x86)\ATI Technologies\ATI.ACE\Core-Static;C:\Program Files (x86)\Skype\Phone\;C:\Program Files (x86)\Windows Live\Shared;C:\Program Files\Microsoft SQL Server\130\Tools\Binn\;C:\Program Files\TortoiseGit\bin;C:\Program Files\Java\jdk-9.0.4\bin;C:\Program Files\JetBrains\IntelliJ IDEA 2017.3.4\plugins\maven\lib\maven3\bin;C:\Program Files\MySQL\MySQL Server 5.7\\bin;C:\Program Files (x86)\MySQL\MySQL Utilities 1.6\;C:\Users\Michael\AppData\Local\Programs\Python\Python36-32\Scripts\;C:\Users\Michael\AppData\Local\Programs\Python\Python36-32\;C:\Users\Michael\AppData\Local\Microsoft\WindowsApps;C:\Program Files\Java\jdk-9.0.4\bin;C:\Users\Michael\AppData\Local\atom\bin
USERNAME=Michael
OS=Windows_NT
PROCESSOR_IDENTIFIER=AMD64 Family 21 Model 96 Stepping 1, AuthenticAMD



---------------  S Y S T E M  ---------------

OS: Windows 10.0 , 64 bit Build 16299 (10.0.16299.15)

CPU:total 4 (initial active 4) (4 cores per cpu, 1 threads per core) family 21 model 96 stepping 1, cmov, cx8, fxsr, mmx, sse, sse2, sse3, ssse3, sse4.1, sse4.2, popcnt, avx, avx2, aes, clmul, mmxext, 3dnowpref, lzcnt, sse4a, tsc, tscinvbit, tscinv, bmi1

Memory: 4k page, physical 5864568k(582528k free), swap 7707768k(4112k free)

vm_info: OpenJDK 64-Bit Server VM (25.152-b02) for windows-amd64 JRE (1.8.0_152-release-1024-b02), built by "builder" with MS VC++ 10.0 (VS2010)

time: Sat Apr 07 00:51:08 2018
elapsed time: 3 seconds (0d 0h 0m 3s)

