#
# There is insufficient memory for the Java Runtime Environment to continue.
# Native memory allocation (malloc) failed to allocate 32744 bytes for ChunkPool::allocate
# Possible reasons:
#   The system is out of physical RAM or swap space
#   In 32 bit mode, the process size limit was hit
# Possible solutions:
#   Reduce memory load on the system
#   Increase physical memory or swap space
#   Check if swap backing store is full
#   Use 64 bit Java on a 64 bit OS
#   Decrease Java heap size (-Xmx/-Xms)
#   Decrease number of Java threads
#   Decrease Java thread stack sizes (-Xss)
#   Set larger code cache with -XX:ReservedCodeCacheSize=
# This output file may be truncated or incomplete.
#
#  Out of Memory Error (allocation.cpp:273), pid=7632, tid=0x0000000000001d4c
#
# JRE version: OpenJDK Runtime Environment (8.0_152-b02) (build 1.8.0_152-release-1024-b02)
# Java VM: OpenJDK 64-Bit Server VM (25.152-b02 mixed mode windows-amd64 compressed oops)
# Failed to write core dump. Minidumps are not enabled by default on client versions of Windows
#

---------------  T H R E A D  ---------------

Current thread (0x0000000014fb7800):  JavaThread "C2 CompilerThread1" daemon [_thread_in_native, id=7500, stack(0x0000000016800000,0x0000000016900000)]

Stack: [0x0000000016800000,0x0000000016900000]
[error occurred during error reporting (printing stack bounds), id 0xc0000005]

Native frames: (J=compiled Java code, j=interpreted, Vv=VM code, C=native code)


Current CompileTask:
C2:   5790 1152       4       org.objectweb.asm.ClassReader::accept (1273 bytes)


---------------  P R O C E S S  ---------------

Java Threads: ( => current thread )
  0x0000000015008800 JavaThread "Service Thread" daemon [_thread_blocked, id=11904, stack(0x0000000016e00000,0x0000000016f00000)]
  0x0000000014fbb800 JavaThread "C1 CompilerThread2" daemon [_thread_blocked, id=10672, stack(0x0000000016900000,0x0000000016a00000)]
=>0x0000000014fb7800 JavaThread "C2 CompilerThread1" daemon [_thread_in_native, id=7500, stack(0x0000000016800000,0x0000000016900000)]
  0x0000000014fb4000 JavaThread "C2 CompilerThread0" daemon [_thread_in_native, id=200, stack(0x0000000016700000,0x0000000016800000)]
  0x0000000014fb2800 JavaThread "Attach Listener" daemon [_thread_blocked, id=6028, stack(0x0000000016600000,0x0000000016700000)]
  0x0000000014fb1000 JavaThread "Signal Dispatcher" daemon [_thread_blocked, id=3636, stack(0x0000000016500000,0x0000000016600000)]
  0x0000000004c4e800 JavaThread "Finalizer" daemon [_thread_blocked, id=9364, stack(0x0000000016210000,0x0000000016310000)]
  0x0000000004c49000 JavaThread "Reference Handler" daemon [_thread_blocked, id=11752, stack(0x0000000016110000,0x0000000016210000)]
  0x0000000004b57800 JavaThread "main" [_thread_in_native, id=1652, stack(0x0000000004a50000,0x0000000004b50000)]

Other Threads:
  0x0000000014f75000 VMThread [stack: 0x0000000016010000,0x0000000016110000] [id=7040]
  0x0000000015009000 WatcherThread [stack: 0x0000000016f00000,0x0000000017000000] [id=5944]

VM state:not at safepoint (normal execution)

VM Mutex/Monitor currently owned by a thread: None

Heap:
 PSYoungGen      total 18944K, used 8765K [0x00000000feb00000, 0x0000000100000000, 0x0000000100000000)
  eden space 16384K, 37% used [0x00000000feb00000,0x00000000ff1113f0,0x00000000ffb00000)
  from space 2560K, 99% used [0x00000000ffb00000,0x00000000ffd7e130,0x00000000ffd80000)
  to   space 2560K, 0% used [0x00000000ffd80000,0x00000000ffd80000,0x0000000100000000)
 ParOldGen       total 44032K, used 5355K [0x00000000fc000000, 0x00000000feb00000, 0x00000000feb00000)
  object space 44032K, 12% used [0x00000000fc000000,0x00000000fc53ad28,0x00000000feb00000)
 Metaspace       used 7969K, capacity 8164K, committed 8192K, reserved 1056768K
  class space    used 903K, capacity 1002K, committed 1024K, reserved 1048576K

Card table byte_map: [0x0000000004930000,0x0000000004960000] byte_map_base: 0x0000000004150000

Marking Bits: (ParMarkBitMap*) 0x0000000051c64970
 Begin Bits: [0x0000000014410000, 0x0000000014510000)
 End Bits:   [0x0000000014510000, 0x0000000014610000)

Polling page: 0x0000000002c00000

CodeCache: size=245760Kb used=4319Kb max_used=4319Kb free=241440Kb
 bounds [0x0000000004c50000, 0x0000000005090000, 0x0000000013c50000]
 total_blobs=1505 nmethods=1173 adapters=246
 compilation: enabled

Compilation events (10 events):
Event: 5.347 Thread 0x0000000014fbb800 1168       3       java.lang.System$2::blockedOn (6 bytes)
Event: 5.347 Thread 0x0000000014fbb800 nmethod 1168 0x0000000005085d10 code [0x0000000005085e80, 0x0000000005086270]
Event: 5.347 Thread 0x0000000014fbb800 1169   !   3       java.lang.Thread::blockedOn (23 bytes)
Event: 5.347 Thread 0x0000000014fbb800 nmethod 1169 0x00000000050863d0 code [0x0000000005086540, 0x0000000005086850]
Event: 5.347 Thread 0x0000000014fbb800 1170       3       org.objectweb.asm.MethodVisitor::visitIincInsn (17 bytes)
Event: 5.348 Thread 0x0000000014fbb800 nmethod 1170 0x0000000005086910 code [0x0000000005086a80, 0x0000000005086ce8]
Event: 5.352 Thread 0x0000000014fbb800 1173       3       java.util.zip.ZipOutputStream::writeCEN (514 bytes)
Event: 5.357 Thread 0x0000000014fbb800 nmethod 1173 0x0000000005086dd0 code [0x00000000050871c0, 0x00000000050889d8]
Event: 5.644 Thread 0x0000000014fbb800 1174       1       sun.nio.fs.WindowsPath::getPathForPermissionCheck (5 bytes)
Event: 5.644 Thread 0x0000000014fbb800 nmethod 1174 0x000000000507a510 code [0x000000000507a660, 0x000000000507a770]

GC Heap History (6 events):
Event: 2.899 GC heap before
{Heap before GC invocations=1 (full 0):
 PSYoungGen      total 18944K, used 16384K [0x00000000feb00000, 0x0000000100000000, 0x0000000100000000)
  eden space 16384K, 100% used [0x00000000feb00000,0x00000000ffb00000,0x00000000ffb00000)
  from space 2560K, 0% used [0x00000000ffd80000,0x00000000ffd80000,0x0000000100000000)
  to   space 2560K, 0% used [0x00000000ffb00000,0x00000000ffb00000,0x00000000ffd80000)
 ParOldGen       total 44032K, used 0K [0x00000000fc000000, 0x00000000feb00000, 0x00000000feb00000)
  object space 44032K, 0% used [0x00000000fc000000,0x00000000fc000000,0x00000000feb00000)
 Metaspace       used 6716K, capacity 6874K, committed 7040K, reserved 1056768K
  class space    used 791K, capacity 871K, committed 896K, reserved 1048576K
Event: 2.906 GC heap after
Heap after GC invocations=1 (full 0):
 PSYoungGen      total 18944K, used 2535K [0x00000000feb00000, 0x0000000100000000, 0x0000000100000000)
  eden space 16384K, 0% used [0x00000000feb00000,0x00000000feb00000,0x00000000ffb00000)
  from space 2560K, 99% used [0x00000000ffb00000,0x00000000ffd79e68,0x00000000ffd80000)
  to   space 2560K, 0% used [0x00000000ffd80000,0x00000000ffd80000,0x0000000100000000)
 ParOldGen       total 44032K, used 1096K [0x00000000fc000000, 0x00000000feb00000, 0x00000000feb00000)
  object space 44032K, 2% used [0x00000000fc000000,0x00000000fc1122c0,0x00000000feb00000)
 Metaspace       used 6716K, capacity 6874K, committed 7040K, reserved 1056768K
  class space    used 791K, capacity 871K, committed 896K, reserved 1048576K
}
Event: 4.078 GC heap before
{Heap before GC invocations=2 (full 0):
 PSYoungGen      total 18944K, used 18919K [0x00000000feb00000, 0x0000000100000000, 0x0000000100000000)
  eden space 16384K, 100% used [0x00000000feb00000,0x00000000ffb00000,0x00000000ffb00000)
  from space 2560K, 99% used [0x00000000ffb00000,0x00000000ffd79e68,0x00000000ffd80000)
  to   space 2560K, 0% used [0x00000000ffd80000,0x00000000ffd80000,0x0000000100000000)
 ParOldGen       total 44032K, used 1096K [0x00000000fc000000, 0x00000000feb00000, 0x00000000feb00000)
  object space 44032K, 2% used [0x00000000fc000000,0x00000000fc1122c0,0x00000000feb00000)
 Metaspace       used 7789K, capacity 8036K, committed 8192K, reserved 1056768K
  class space    used 902K, capacity 1002K, committed 1024K, reserved 1048576K
Event: 4.095 GC heap after
Heap after GC invocations=2 (full 0):
 PSYoungGen      total 18944K, used 2531K [0x00000000feb00000, 0x0000000100000000, 0x0000000100000000)
  eden space 16384K, 0% used [0x00000000feb00000,0x00000000feb00000,0x00000000ffb00000)
  from space 2560K, 98% used [0x00000000ffd80000,0x00000000ffff8da8,0x0000000100000000)
  to   space 2560K, 0% used [0x00000000ffb00000,0x00000000ffb00000,0x00000000ffd80000)
 ParOldGen       total 44032K, used 5291K [0x00000000fc000000, 0x00000000feb00000, 0x00000000feb00000)
  object space 44032K, 12% used [0x00000000fc000000,0x00000000fc52ad28,0x00000000feb00000)
 Metaspace       used 7789K, capacity 8036K, committed 8192K, reserved 1056768K
  class space    used 902K, capacity 1002K, committed 1024K, reserved 1048576K
}
Event: 5.110 GC heap before
{Heap before GC invocations=3 (full 0):
 PSYoungGen      total 18944K, used 18915K [0x00000000feb00000, 0x0000000100000000, 0x0000000100000000)
  eden space 16384K, 100% used [0x00000000feb00000,0x00000000ffb00000,0x00000000ffb00000)
  from space 2560K, 98% used [0x00000000ffd80000,0x00000000ffff8da8,0x0000000100000000)
  to   space 2560K, 0% used [0x00000000ffb00000,0x00000000ffb00000,0x00000000ffd80000)
 ParOldGen       total 44032K, used 5291K [0x00000000fc000000, 0x00000000feb00000, 0x00000000feb00000)
  object space 44032K, 12% used [0x00000000fc000000,0x00000000fc52ad28,0x00000000feb00000)
 Metaspace       used 7947K, capacity 8164K, committed 8192K, reserved 1056768K
  class space    used 903K, capacity 1002K, committed 1024K, reserved 1048576K
Event: 5.118 GC heap after
Heap after GC invocations=3 (full 0):
 PSYoungGen      total 18944K, used 2552K [0x00000000feb00000, 0x0000000100000000, 0x0000000100000000)
  eden space 16384K, 0% used [0x00000000feb00000,0x00000000feb00000,0x00000000ffb00000)
  from space 2560K, 99% used [0x00000000ffb00000,0x00000000ffd7e130,0x00000000ffd80000)
  to   space 2560K, 0% used [0x00000000ffd80000,0x00000000ffd80000,0x0000000100000000)
 ParOldGen       total 44032K, used 5355K [0x00000000fc000000, 0x00000000feb00000, 0x00000000feb00000)
  object space 44032K, 12% used [0x00000000fc000000,0x00000000fc53ad28,0x00000000feb00000)
 Metaspace       used 7947K, capacity 8164K, committed 8192K, reserved 1056768K
  class space    used 903K, capacity 1002K, committed 1024K, reserved 1048576K
}

Deoptimization events (10 events):
Event: 3.517 Thread 0x0000000004b57800 Uncommon trap: reason=class_check action=maybe_recompile pc=0x0000000004eb0120 method=com.google.common.collect.TransformedIterator.next()Ljava/lang/Object; @ 5
Event: 3.517 Thread 0x0000000004b57800 Uncommon trap: reason=class_check action=maybe_recompile pc=0x0000000004e99490 method=com.google.common.collect.Iterators$7.transform(Ljava/lang/Object;)Ljava/lang/Object; @ 5
Event: 3.517 Thread 0x0000000004b57800 Uncommon trap: reason=class_check action=maybe_recompile pc=0x0000000004eb0120 method=com.google.common.collect.TransformedIterator.next()Ljava/lang/Object; @ 5
Event: 3.517 Thread 0x0000000004b57800 Uncommon trap: reason=class_check action=maybe_recompile pc=0x0000000004e99490 method=com.google.common.collect.Iterators$7.transform(Ljava/lang/Object;)Ljava/lang/Object; @ 5
Event: 3.722 Thread 0x0000000004b57800 Uncommon trap: reason=unstable_if action=reinterpret pc=0x0000000004f30a30 method=java.lang.String.<init>([CII)V @ 18
Event: 4.286 Thread 0x0000000004b57800 Uncommon trap: reason=unstable_if action=reinterpret pc=0x0000000004fdf09c method=org.objectweb.asm.Type.getArgumentsAndReturnSizes(Ljava/lang/String;)I @ 136
Event: 4.293 Thread 0x0000000004b57800 Uncommon trap: reason=unstable_if action=reinterpret pc=0x0000000004fc6d54 method=org.objectweb.asm.Item.isEqualTo(Lorg/objectweb/asm/Item;)Z @ 251
Event: 4.536 Thread 0x0000000004b57800 Uncommon trap: reason=unstable_if action=reinterpret pc=0x000000000500f91c method=org.objectweb.asm.Item.isEqualTo(Lorg/objectweb/asm/Item;)Z @ 345
Event: 4.810 Thread 0x0000000004b57800 Uncommon trap: reason=unstable_if action=reinterpret pc=0x000000000500b68c method=org.objectweb.asm.Type.getArgumentsAndReturnSizes(Ljava/lang/String;)I @ 130
Event: 5.138 Thread 0x0000000004b57800 Uncommon trap: reason=null_check action=make_not_entrant pc=0x0000000005077e6c method=com.google.devtools.build.android.desugar.InterfaceDesugaring$InterfaceInvocationRewriter.visitMethodInsn(ILjava/lang/String;Ljava/lang/String;Ljava/lang/String;Z)V @ 10

Classes redefined (0 events):
No events

Internal exceptions (10 events):
Event: 4.004 Thread 0x0000000004b57800 Exception <a 'sun/nio/fs/WindowsException'> (0x00000000ff9d9760) thrown at [D:\src\AOSP-openjdk-cygwin\jdk8u\hotspot\src\share\vm\prims\jni.cpp, line 709]
Event: 4.794 Thread 0x0000000004b57800 Exception <a 'sun/nio/fs/WindowsException'> (0x00000000ff81fb10) thrown at [D:\src\AOSP-openjdk-cygwin\jdk8u\hotspot\src\share\vm\prims\jni.cpp, line 709]
Event: 4.794 Thread 0x0000000004b57800 Exception <a 'sun/nio/fs/WindowsException'> (0x00000000ff820038) thrown at [D:\src\AOSP-openjdk-cygwin\jdk8u\hotspot\src\share\vm\prims\jni.cpp, line 709]
Event: 5.010 Thread 0x0000000004b57800 Exception <a 'sun/nio/fs/WindowsException'> (0x00000000ff917dc8) thrown at [D:\src\AOSP-openjdk-cygwin\jdk8u\hotspot\src\share\vm\prims\jni.cpp, line 709]
Event: 5.010 Thread 0x0000000004b57800 Exception <a 'sun/nio/fs/WindowsException'> (0x00000000ff9182f0) thrown at [D:\src\AOSP-openjdk-cygwin\jdk8u\hotspot\src\share\vm\prims\jni.cpp, line 709]
Event: 5.138 Thread 0x0000000004b57800 Implicit null exception at 0x0000000005077969 to 0x0000000005077e51
Event: 5.533 Thread 0x0000000004b57800 Exception <a 'sun/nio/fs/WindowsException'> (0x00000000ff016e38) thrown at [D:\src\AOSP-openjdk-cygwin\jdk8u\hotspot\src\share\vm\prims\jni.cpp, line 709]
Event: 5.533 Thread 0x0000000004b57800 Exception <a 'sun/nio/fs/WindowsException'> (0x00000000ff017360) thrown at [D:\src\AOSP-openjdk-cygwin\jdk8u\hotspot\src\share\vm\prims\jni.cpp, line 709]
Event: 5.644 Thread 0x0000000004b57800 Exception <a 'sun/nio/fs/WindowsException'> (0x00000000ff01a840) thrown at [D:\src\AOSP-openjdk-cygwin\jdk8u\hotspot\src\share\vm\prims\jni.cpp, line 709]
Event: 5.644 Thread 0x0000000004b57800 Exception <a 'sun/nio/fs/WindowsException'> (0x00000000ff01ad68) thrown at [D:\src\AOSP-openjdk-cygwin\jdk8u\hotspot\src\share\vm\prims\jni.cpp, line 709]

Events (10 events):
Event: 4.810 Thread 0x0000000004b57800 DEOPT UNPACKING pc=0x0000000004c9557b sp=0x0000000004b4e1f0 mode 2
Event: 5.110 Executing VM operation: ParallelGCFailedAllocation
Event: 5.118 Executing VM operation: ParallelGCFailedAllocation done
Event: 5.119 Executing VM operation: RevokeBias
Event: 5.119 Executing VM operation: RevokeBias done
Event: 5.138 Thread 0x0000000004b57800 DEOPT PACKING pc=0x0000000004f4c7fa sp=0x0000000004b4ea20
Event: 5.138 Thread 0x0000000004b57800 DEOPT UNPACKING pc=0x0000000004c971d0 sp=0x0000000004b4e9e8 mode 0
Event: 5.138 Thread 0x0000000004b57800 Uncommon trap: trap_request=0xfffffff4 fr.pc=0x0000000005077e6c
Event: 5.138 Thread 0x0000000004b57800 DEOPT PACKING pc=0x0000000005077e6c sp=0x0000000004b4ec00
Event: 5.138 Thread 0x0000000004b57800 DEOPT UNPACKING pc=0x0000000004c9557b sp=0x0000000004b4ebd0 mode 2


Dynamic libraries:
0x00007ff6c4370000 - 0x00007ff6c43a1000 	C:\Program Files\Android\Android Studio\jre\bin\java.exe
0x00007ff8fdae0000 - 0x00007ff8fdcc0000 	C:\WINDOWS\SYSTEM32\ntdll.dll
0x00007ff8fb360000 - 0x00007ff8fb40e000 	C:\WINDOWS\System32\KERNEL32.DLL
0x00007ff8fa110000 - 0x00007ff8fa376000 	C:\WINDOWS\System32\KERNELBASE.dll
0x00007ff8fb6a0000 - 0x00007ff8fb741000 	C:\WINDOWS\System32\ADVAPI32.dll
0x00007ff8fb840000 - 0x00007ff8fb8dd000 	C:\WINDOWS\System32\msvcrt.dll
0x00007ff8fbc40000 - 0x00007ff8fbc9b000 	C:\WINDOWS\System32\sechost.dll
0x00007ff8fb410000 - 0x00007ff8fb52f000 	C:\WINDOWS\System32\RPCRT4.dll
0x00007ff8fd910000 - 0x00007ff8fda9f000 	C:\WINDOWS\System32\USER32.dll
0x00007ff8fa420000 - 0x00007ff8fa440000 	C:\WINDOWS\System32\win32u.dll
0x00007ff8fafb0000 - 0x00007ff8fafd8000 	C:\WINDOWS\System32\GDI32.dll
0x00007ff8fa610000 - 0x00007ff8fa7a3000 	C:\WINDOWS\System32\gdi32full.dll
0x00007ff8fa380000 - 0x00007ff8fa41b000 	C:\WINDOWS\System32\msvcp_win.dll
0x00007ff8f9ee0000 - 0x00007ff8f9fd6000 	C:\WINDOWS\System32\ucrtbase.dll
0x00007ff8f0d90000 - 0x00007ff8f0ff9000 	C:\WINDOWS\WinSxS\amd64_microsoft.windows.common-controls_6595b64144ccf1df_6.0.16299.371_none_15c7d1789365a290\COMCTL32.dll
0x00007ff8fb050000 - 0x00007ff8fb358000 	C:\WINDOWS\System32\combase.dll
0x00007ff8fa040000 - 0x00007ff8fa0b2000 	C:\WINDOWS\System32\bcryptPrimitives.dll
0x00007ff8fbc10000 - 0x00007ff8fbc3d000 	C:\WINDOWS\System32\IMM32.DLL
0x00000000513c0000 - 0x0000000051492000 	C:\Program Files\Android\Android Studio\jre\jre\bin\msvcr100.dll
0x00000000514a0000 - 0x0000000051cdf000 	C:\Program Files\Android\Android Studio\jre\jre\bin\server\jvm.dll
0x00007ff8fb040000 - 0x00007ff8fb048000 	C:\WINDOWS\System32\PSAPI.DLL
0x00007ff8f5870000 - 0x00007ff8f587a000 	C:\WINDOWS\SYSTEM32\VERSION.dll
0x00007ff8f7c60000 - 0x00007ff8f7c83000 	C:\WINDOWS\SYSTEM32\WINMM.dll
0x00007ff8f7bd0000 - 0x00007ff8f7bfa000 	C:\WINDOWS\SYSTEM32\winmmbase.dll
0x00007ff8fa0c0000 - 0x00007ff8fa10a000 	C:\WINDOWS\System32\cfgmgr32.dll
0x00007ff8e7690000 - 0x00007ff8e7699000 	C:\WINDOWS\SYSTEM32\WSOCK32.dll
0x00007ff8fc170000 - 0x00007ff8fc1dc000 	C:\WINDOWS\System32\WS2_32.dll
0x00007ff8f5a70000 - 0x00007ff8f5a7f000 	C:\Program Files\Android\Android Studio\jre\jre\bin\verify.dll
0x00007ff8ecba0000 - 0x00007ff8ecbc9000 	C:\Program Files\Android\Android Studio\jre\jre\bin\java.dll
0x00007ff8e6790000 - 0x00007ff8e67a6000 	C:\Program Files\Android\Android Studio\jre\jre\bin\zip.dll
0x00007ff8fc1e0000 - 0x00007ff8fd616000 	C:\WINDOWS\System32\SHELL32.dll
0x00007ff8fb9e0000 - 0x00007ff8fba86000 	C:\WINDOWS\System32\shcore.dll
0x00007ff8fa7b0000 - 0x00007ff8faef7000 	C:\WINDOWS\System32\windows.storage.dll
0x00007ff8fafe0000 - 0x00007ff8fb031000 	C:\WINDOWS\System32\shlwapi.dll
0x00007ff8f9ec0000 - 0x00007ff8f9ed1000 	C:\WINDOWS\System32\kernel.appcore.dll
0x00007ff8f9e70000 - 0x00007ff8f9ebc000 	C:\WINDOWS\System32\powrprof.dll
0x00007ff8f9e50000 - 0x00007ff8f9e6b000 	C:\WINDOWS\System32\profapi.dll
0x00007ff8f9930000 - 0x00007ff8f9947000 	C:\WINDOWS\SYSTEM32\CRYPTSP.dll
0x00007ff8f8f10000 - 0x00007ff8f8f43000 	C:\WINDOWS\system32\rsaenh.dll
0x00007ff8f9900000 - 0x00007ff8f9925000 	C:\WINDOWS\SYSTEM32\bcrypt.dll
0x00007ff8f9d60000 - 0x00007ff8f9d89000 	C:\WINDOWS\SYSTEM32\USERENV.dll
0x00007ff8f94d0000 - 0x00007ff8f94db000 	C:\WINDOWS\SYSTEM32\CRYPTBASE.dll
0x00007ff8e6770000 - 0x00007ff8e678a000 	C:\Program Files\Android\Android Studio\jre\jre\bin\net.dll
0x00007ff8f9310000 - 0x00007ff8f9376000 	C:\WINDOWS\system32\mswsock.dll
0x00007ff8f90a0000 - 0x00007ff8f90d9000 	C:\WINDOWS\SYSTEM32\IPHLPAPI.DLL
0x00007ff8fdaa0000 - 0x00007ff8fdaa8000 	C:\WINDOWS\System32\NSI.dll
0x00007ff8f24c0000 - 0x00007ff8f24d6000 	C:\WINDOWS\SYSTEM32\dhcpcsvc6.DLL
0x00007ff8f2bd0000 - 0x00007ff8f2bea000 	C:\WINDOWS\SYSTEM32\dhcpcsvc.DLL
0x00007ff8e4f40000 - 0x00007ff8e4f51000 	C:\Program Files\Android\Android Studio\jre\jre\bin\nio.dll

VM Arguments:
jvm_args: -Djava.awt.headless=true -Xmx64M -Dfile.encoding=windows-1252 -Duser.country=US -Duser.language=en -Duser.variant 
java_command: com.google.devtools.build.android.desugar.Desugar --input C:\Users\Michael\projects\Soft\EducationProject\app\build\intermediates\transforms\stackFramesFixer\debug\24.jar --output C:\Users\Michael\projects\Soft\EducationProject\app\build\intermediates\transforms\desugar\debug\25.jar --input C:\Users\Michael\projects\Soft\EducationProject\app\build\intermediates\transforms\stackFramesFixer\debug\30.jar --output C:\Users\Michael\projects\Soft\EducationProject\app\build\intermediates\transforms\desugar\debug\31.jar --input C:\Users\Michael\projects\Soft\EducationProject\app\build\intermediates\transforms\stackFramesFixer\debug\6.jar --output C:\Users\Michael\projects\Soft\EducationProject\app\build\intermediates\transforms\desugar\debug\7.jar --input C:\Users\Michael\projects\Soft\EducationProject\app\build\intermediates\transforms\stackFramesFixer\debug\9.jar --output C:\Users\Michael\projects\Soft\EducationProject\app\build\intermediates\transforms\desugar\debug\10.jar --input C:\Users\Michael\projects\Soft\EducationProject\app\build\intermediates\transforms\stackFramesFixer\debug\51.jar --output C:\Users\Michael\projects\Soft\EducationProject\app\build\intermediates\transforms\desugar\debug\52.jar --input C:\Users\Michael\projects\Soft\EducationProject\app\build\intermediates\transforms\stackFramesFixer\debug\7.jar --output C:\Users\Michael\projects\Soft\EducationProject\app\build\intermediates\transforms\desugar\debug\8.jar --input C:\Users\Michael\projects\Soft\EducationProject\app\build\intermediates\transforms\stackFramesFixer\debug\38.jar --output C:\Users\Michael\projects\Soft\EducationProject\app\build\intermediates\transforms\desugar\debug\39.jar --input C:\Users\Michael\projects\Soft\EducationProject\app\build\intermediates\transforms\stackFramesFixer\debug\40.jar --output C:\Users\Michael\projects\Soft\EducationProject\app\build\intermediates\transforms\desugar\debug\41.jar --input C:\Users\Michael\projects\Soft\EducationProject\app\build\i
java_class_path (initial): C:\Users\Michael\AppData\Local\Temp\desugar_deploy.jar7956816371951390606
Launcher Type: SUN_STANDARD

Environment Variables:
JAVA_HOME=C:\Program Files\Java\jdk-9.0.4
PATH=C:\Program Files (x86)\NVIDIA Corporation\PhysX\Common;C:\ProgramData\Oracle\Java\javapath;C:\Program Files\Broadcom\Broadcom 802.11 Network Adapter;C:\WINDOWS\system32;C:\WINDOWS;C:\WINDOWS\System32\Wbem;C:\WINDOWS\System32\WindowsPowerShell\v1.0\;c:\Program Files (x86)\ATI Technologies\ATI.ACE\Core-Static;C:\Program Files (x86)\Skype\Phone\;C:\Program Files (x86)\Windows Live\Shared;C:\Program Files\Microsoft SQL Server\130\Tools\Binn\;C:\Program Files\TortoiseGit\bin;C:\Program Files\Java\jdk-9.0.4\bin;C:\Program Files\JetBrains\IntelliJ IDEA 2017.3.4\plugins\maven\lib\maven3\bin;C:\Program Files\MySQL\MySQL Server 5.7\\bin;C:\Program Files (x86)\MySQL\MySQL Utilities 1.6\;C:\Users\Michael\AppData\Local\Android\sdk\\platform-tools;C:\Users\Michael\AppData\Local\Programs\Python\Python36-32\Scripts\;C:\Users\Michael\AppData\Local\Programs\Python\Python36-32\;C:\Users\Michael\AppData\Local\Microsoft\WindowsApps;C:\Program Files\Java\jdk-9.0.4\bin;C:\Users\Michael\AppData\Local\atom\bin
USERNAME=Michael
OS=Windows_NT
PROCESSOR_IDENTIFIER=AMD64 Family 21 Model 96 Stepping 1, AuthenticAMD



---------------  S Y S T E M  ---------------

OS: Windows 10.0 , 64 bit Build 16299 (10.0.16299.15)

CPU:total 4 (initial active 4) (4 cores per cpu, 1 threads per core) family 21 model 96 stepping 1, cmov, cx8, fxsr, mmx, sse, sse2, sse3, ssse3, sse4.1, sse4.2, popcnt, avx, avx2, aes, clmul, mmxext, 3dnowpref, lzcnt, sse4a, tsc, tscinvbit, tscinv, bmi1

Memory: 4k page, physical 5864568k(466308k free), swap 7707768k(5396k free)

vm_info: OpenJDK 64-Bit Server VM (25.152-b02) for windows-amd64 JRE (1.8.0_152-release-1024-b02), built by "builder" with MS VC++ 10.0 (VS2010)

time: Sat May 05 21:36:31 2018
elapsed time: 5 seconds (0d 0h 0m 5s)

